This is pdfTeX, Version 3.1415926-2.5-1.40.14 (MiKTeX 2.9 64-bit) (preloaded format=pdflatex 2015.1.24)  28 SEP 2015 21:51
entering extended mode
**C:/gits/second_reflect/second_git_reflect/supplimentary/supplimentary.tex
(C:/gits/second_reflect/second_git_reflect/supplimentary/supplimentary.tex
LaTeX2e <2011/06/27>
Babel <v3.8m> and hyphenation patterns for english, afrikaans, ancientgreek, ar
abic, armenian, assamese, basque, bengali, bokmal, bulgarian, catalan, coptic, 
croatian, czech, danish, dutch, esperanto, estonian, farsi, finnish, french, ga
lician, german, german-x-2013-05-26, greek, gujarati, hindi, hungarian, iceland
ic, indonesian, interlingua, irish, italian, kannada, kurmanji, latin, latvian,
 lithuanian, malayalam, marathi, mongolian, mongolianlmc, monogreek, ngerman, n
german-x-2013-05-26, nynorsk, oriya, panjabi, pinyin, polish, portuguese, roman
ian, russian, sanskrit, serbian, slovak, slovenian, spanish, swedish, swissgerm
an, tamil, telugu, turkish, turkmen, ukenglish, ukrainian, uppersorbian, usengl
ishmax, welsh, loaded.
("C:\Program Files\MiKTeX 2.9\tex\latex\base\article.cls"
Document Class: article 2007/10/19 v1.4h Standard LaTeX document class
("C:\Program Files\MiKTeX 2.9\tex\latex\base\size10.clo"
File: size10.clo 2007/10/19 v1.4h Standard LaTeX file (size option)
)
\c@part=\count79
\c@section=\count80
\c@subsection=\count81
\c@subsubsection=\count82
\c@paragraph=\count83
\c@subparagraph=\count84
\c@figure=\count85
\c@table=\count86
\abovecaptionskip=\skip41
\belowcaptionskip=\skip42
\bibindent=\dimen102
)
(C:\gits\second_reflect\second_git_reflect\supplimentary\nips15submit_e.sty
("C:\Program Files\MiKTeX 2.9\tex\latex\eso-pic\eso-pic.sty"
Package: eso-pic 2013/10/06 v2.0d eso-pic (RN)

("C:\Program Files\MiKTeX 2.9\tex\generic\oberdiek\atbegshi.sty"
Package: atbegshi 2011/10/05 v1.16 At begin shipout hook (HO)

("C:\Program Files\MiKTeX 2.9\tex\generic\oberdiek\infwarerr.sty"
Package: infwarerr 2010/04/08 v1.3 Providing info/warning/error messages (HO)
)
("C:\Program Files\MiKTeX 2.9\tex\generic\oberdiek\ltxcmds.sty"
Package: ltxcmds 2011/11/09 v1.22 LaTeX kernel commands for general use (HO)
)
("C:\Program Files\MiKTeX 2.9\tex\generic\oberdiek\ifpdf.sty"
Package: ifpdf 2011/01/30 v2.3 Provides the ifpdf switch (HO)
Package ifpdf Info: pdfTeX in PDF mode is detected.
))
("C:\Program Files\MiKTeX 2.9\tex\latex\graphics\keyval.sty"
Package: keyval 1999/03/16 v1.13 key=value parser (DPC)
\KV@toks@=\toks14
)
("C:\Program Files\MiKTeX 2.9\tex\latex\xcolor\xcolor.sty"
Package: xcolor 2007/01/21 v2.11 LaTeX color extensions (UK)

("C:\Program Files\MiKTeX 2.9\tex\latex\00miktex\color.cfg"
File: color.cfg 2007/01/18 v1.5 color configuration of teTeX/TeXLive
)
Package xcolor Info: Driver file: pdftex.def on input line 225.

("C:\Program Files\MiKTeX 2.9\tex\latex\pdftex-def\pdftex.def"
File: pdftex.def 2011/05/27 v0.06d Graphics/color for pdfTeX
\Gread@gobject=\count87
)
Package xcolor Info: Model `cmy' substituted by `cmy0' on input line 1337.
Package xcolor Info: Model `hsb' substituted by `rgb' on input line 1341.
Package xcolor Info: Model `RGB' extended on input line 1353.
Package xcolor Info: Model `HTML' substituted by `rgb' on input line 1355.
Package xcolor Info: Model `Hsb' substituted by `hsb' on input line 1356.
Package xcolor Info: Model `tHsb' substituted by `hsb' on input line 1357.
Package xcolor Info: Model `HSB' substituted by `hsb' on input line 1358.
Package xcolor Info: Model `Gray' substituted by `gray' on input line 1359.
Package xcolor Info: Model `wave' substituted by `hsb' on input line 1360.
))
\nipsrulerbox=\box26
\nipsrulercount=\count88
\nipsruleroffset=\dimen103
\cv@lineheight=\dimen104
\cv@boxheight=\dimen105
\cv@tmpbox=\box27
\cv@refno=\count89
\cv@tot=\count90
\cv@tmpc@=\count91
\cv@tmpc=\count92
)
("C:\Program Files\MiKTeX 2.9\tex\latex\psnfss\times.sty"
Package: times 2005/04/12 PSNFSS-v9.2a (SPQR) 
)
("C:\Program Files\MiKTeX 2.9\tex\latex\hyperref\hyperref.sty"
Package: hyperref 2012/11/06 v6.83m Hypertext links for LaTeX

("C:\Program Files\MiKTeX 2.9\tex\generic\oberdiek\hobsub-hyperref.sty"
Package: hobsub-hyperref 2012/04/25 v1.12 Bundle oberdiek, subset hyperref (HO)


("C:\Program Files\MiKTeX 2.9\tex\generic\oberdiek\hobsub-generic.sty"
Package: hobsub-generic 2012/04/25 v1.12 Bundle oberdiek, subset generic (HO)
Package: hobsub 2012/04/25 v1.12 Construct package bundles (HO)
Package hobsub Info: Skipping package `infwarerr' (already loaded).
Package hobsub Info: Skipping package `ltxcmds' (already loaded).
Package: ifluatex 2010/03/01 v1.3 Provides the ifluatex switch (HO)
Package ifluatex Info: LuaTeX not detected.
Package: ifvtex 2010/03/01 v1.5 Detect VTeX and its facilities (HO)
Package ifvtex Info: VTeX not detected.
Package: intcalc 2007/09/27 v1.1 Expandable calculations with integers (HO)
Package hobsub Info: Skipping package `ifpdf' (already loaded).
Package: etexcmds 2011/02/16 v1.5 Avoid name clashes with e-TeX commands (HO)
Package etexcmds Info: Could not find \expanded.
(etexcmds)             That can mean that you are not using pdfTeX 1.50 or
(etexcmds)             that some package has redefined \expanded.
(etexcmds)             In the latter case, load this package earlier.
Package: kvsetkeys 2012/04/25 v1.16 Key value parser (HO)
Package: kvdefinekeys 2011/04/07 v1.3 Define keys (HO)
Package: pdftexcmds 2011/11/29 v0.20 Utility functions of pdfTeX for LuaTeX (HO
)
Package pdftexcmds Info: LuaTeX not detected.
Package pdftexcmds Info: \pdf@primitive is available.
Package pdftexcmds Info: \pdf@ifprimitive is available.
Package pdftexcmds Info: \pdfdraftmode found.
Package: pdfescape 2011/11/25 v1.13 Implements pdfTeX's escape features (HO)
Package: bigintcalc 2012/04/08 v1.3 Expandable calculations on big integers (HO
)
Package: bitset 2011/01/30 v1.1 Handle bit-vector datatype (HO)
Package: uniquecounter 2011/01/30 v1.2 Provide unlimited unique counter (HO)
)
Package hobsub Info: Skipping package `hobsub' (already loaded).
Package: letltxmacro 2010/09/02 v1.4 Let assignment for LaTeX macros (HO)
Package: hopatch 2011/06/24 v1.1 Wrapper for package hooks (HO)
Package: xcolor-patch 2011/01/30 xcolor patch
Package: atveryend 2011/06/30 v1.8 Hooks at the very end of document (HO)
Package atveryend Info: \enddocument detected (standard20110627).
Package hobsub Info: Skipping package `atbegshi' (already loaded).
Package: refcount 2011/10/16 v3.4 Data extraction from label references (HO)
Package: hycolor 2011/01/30 v1.7 Color options for hyperref/bookmark (HO)
)
("C:\Program Files\MiKTeX 2.9\tex\generic\ifxetex\ifxetex.sty"
Package: ifxetex 2010/09/12 v0.6 Provides ifxetex conditional
)
("C:\Program Files\MiKTeX 2.9\tex\latex\oberdiek\auxhook.sty"
Package: auxhook 2011/03/04 v1.3 Hooks for auxiliary files (HO)
)
("C:\Program Files\MiKTeX 2.9\tex\latex\oberdiek\kvoptions.sty"
Package: kvoptions 2011/06/30 v3.11 Key value format for package options (HO)
)
\@linkdim=\dimen106
\Hy@linkcounter=\count93
\Hy@pagecounter=\count94

("C:\Program Files\MiKTeX 2.9\tex\latex\hyperref\pd1enc.def"
File: pd1enc.def 2012/11/06 v6.83m Hyperref: PDFDocEncoding definition (HO)
)
\Hy@SavedSpaceFactor=\count95

("C:\Program Files\MiKTeX 2.9\tex\latex\00miktex\hyperref.cfg"
File: hyperref.cfg 2002/06/06 v1.2 hyperref configuration of TeXLive
)
Package hyperref Info: Hyper figures OFF on input line 4443.
Package hyperref Info: Link nesting OFF on input line 4448.
Package hyperref Info: Hyper index ON on input line 4451.
Package hyperref Info: Plain pages OFF on input line 4458.
Package hyperref Info: Backreferencing OFF on input line 4463.
Package hyperref Info: Implicit mode ON; LaTeX internals redefined.
Package hyperref Info: Bookmarks ON on input line 4688.
\c@Hy@tempcnt=\count96

("C:\Program Files\MiKTeX 2.9\tex\latex\url\url.sty"
\Urlmuskip=\muskip10
Package: url 2013/09/16  ver 3.4  Verb mode for urls, etc.
)
LaTeX Info: Redefining \url on input line 5041.
\XeTeXLinkMargin=\dimen107
\Fld@menulength=\count97
\Field@Width=\dimen108
\Fld@charsize=\dimen109
Package hyperref Info: Hyper figures OFF on input line 6295.
Package hyperref Info: Link nesting OFF on input line 6300.
Package hyperref Info: Hyper index ON on input line 6303.
Package hyperref Info: backreferencing OFF on input line 6310.
Package hyperref Info: Link coloring OFF on input line 6315.
Package hyperref Info: Link coloring with OCG OFF on input line 6320.
Package hyperref Info: PDF/A mode OFF on input line 6325.
LaTeX Info: Redefining \ref on input line 6365.
LaTeX Info: Redefining \pageref on input line 6369.
\Hy@abspage=\count98
\c@Item=\count99
\c@Hfootnote=\count100
)

Package hyperref Message: Driver (autodetected): hpdftex.

("C:\Program Files\MiKTeX 2.9\tex\latex\hyperref\hpdftex.def"
File: hpdftex.def 2012/11/06 v6.83m Hyperref driver for pdfTeX
\Fld@listcount=\count101
\c@bookmark@seq@number=\count102

("C:\Program Files\MiKTeX 2.9\tex\latex\oberdiek\rerunfilecheck.sty"
Package: rerunfilecheck 2011/04/15 v1.7 Rerun checks for auxiliary files (HO)
Package uniquecounter Info: New unique counter `rerunfilecheck' on input line 2
82.
)
\Hy@SectionHShift=\skip43
)
("C:\Program Files\MiKTeX 2.9\tex\latex\tools\afterpage.sty"
Package: afterpage 1995/10/27 v1.08 After-Page Package (DPC)
\AP@output=\toks15
\AP@partial=\box28
\AP@footins=\box29
)
(C:\gits\second_reflect\second_git_reflect\supplimentary\algorithm2e.sty
Package: algorithm2e 2005/10/04 v3.9 algorithms environments
\c@AlgoLine=\count103

("C:\Program Files\MiKTeX 2.9\tex\latex\base\ifthen.sty"
Package: ifthen 2001/05/26 v1.1c Standard LaTeX ifthen package (DPC)
)
("C:\Program Files\MiKTeX 2.9\tex\latex\tools\xspace.sty"
Package: xspace 2009/10/20 v1.13 Space after command names (DPC,MH)
)
********************************************************
Package `algorithm2e' Release 3.9 -- october 04 2005 --
- algorithm2e-announce@lirmm.fr mailing list for announcement about releases
- algorithm2e-discussion@lirmm.fr mailing list for discussion about package
subscribe by emailing sympa@lirmm.fr with 'subscribe <list> <firstname name>'
- Author: Christophe Fiorio (fiorio@lirmm.fr)
********************************************************
\skiptotal=\skip44
\skiprule=\skip45
\skiphlne=\skip46
\skiptext=\skip47
\skiplength=\skip48
\algomargin=\skip49
\skipalgocfslide=\skip50
\algowidth=\dimen110
\inoutsize=\dimen111
\inoutline=\dimen112
\algocf@inoutbox=\box30
\algocf@inputbox=\box31
\AlCapSkip=\skip51
\AlCapHSkip=\skip52
\algocf@capbox=\box32
\c@algocfline=\count104
\c@algocf=\count105
\algocf@algoframe=\box33
\algocf@algobox=\box34
) ("C:\Program Files\MiKTeX 2.9\tex\latex\amscls\amsthm.sty"
Package: amsthm 2004/08/06 v2.20
\thm@style=\toks16
\thm@bodyfont=\toks17
\thm@headfont=\toks18
\thm@notefont=\toks19
\thm@headpunct=\toks20
\thm@preskip=\skip53
\thm@postskip=\skip54
\thm@headsep=\skip55
\dth@everypar=\toks21
)
\c@lemma=\count106
\c@definition=\count107

("C:\Program Files\MiKTeX 2.9\tex\latex\amsfonts\amsfonts.sty"
Package: amsfonts 2013/01/14 v3.01 Basic AMSFonts support
\@emptytoks=\toks22
\symAMSa=\mathgroup4
\symAMSb=\mathgroup5
LaTeX Font Info:    Overwriting math alphabet `\mathfrak' in version `bold'
(Font)                  U/euf/m/n --> U/euf/b/n on input line 106.
)
("C:\Program Files\MiKTeX 2.9\tex\latex\amsmath\amsmath.sty"
Package: amsmath 2013/01/14 v2.14 AMS math features
\@mathmargin=\skip56

For additional information on amsmath, use the `?' option.
("C:\Program Files\MiKTeX 2.9\tex\latex\amsmath\amstext.sty"
Package: amstext 2000/06/29 v2.01

("C:\Program Files\MiKTeX 2.9\tex\latex\amsmath\amsgen.sty"
File: amsgen.sty 1999/11/30 v2.0
\@emptytoks=\toks23
\ex@=\dimen113
))
("C:\Program Files\MiKTeX 2.9\tex\latex\amsmath\amsbsy.sty"
Package: amsbsy 1999/11/29 v1.2d
\pmbraise@=\dimen114
)
("C:\Program Files\MiKTeX 2.9\tex\latex\amsmath\amsopn.sty"
Package: amsopn 1999/12/14 v2.01 operator names
)
\inf@bad=\count108
LaTeX Info: Redefining \frac on input line 210.
\uproot@=\count109
\leftroot@=\count110
LaTeX Info: Redefining \overline on input line 306.
\classnum@=\count111
\DOTSCASE@=\count112
LaTeX Info: Redefining \ldots on input line 378.
LaTeX Info: Redefining \dots on input line 381.
LaTeX Info: Redefining \cdots on input line 466.
\Mathstrutbox@=\box35
\strutbox@=\box36
\big@size=\dimen115
LaTeX Font Info:    Redeclaring font encoding OML on input line 566.
LaTeX Font Info:    Redeclaring font encoding OMS on input line 567.
\macc@depth=\count113
\c@MaxMatrixCols=\count114
\dotsspace@=\muskip11
\c@parentequation=\count115
\dspbrk@lvl=\count116
\tag@help=\toks24
\row@=\count117
\column@=\count118
\maxfields@=\count119
\andhelp@=\toks25
\eqnshift@=\dimen116
\alignsep@=\dimen117
\tagshift@=\dimen118
\tagwidth@=\dimen119
\totwidth@=\dimen120
\lineht@=\dimen121
\@envbody=\toks26
\multlinegap=\skip57
\multlinetaggap=\skip58
\mathdisplay@stack=\toks27
LaTeX Info: Redefining \[ on input line 2665.
LaTeX Info: Redefining \] on input line 2666.
)
("C:\Program Files\MiKTeX 2.9\tex\latex\amsfonts\amssymb.sty"
Package: amssymb 2013/01/14 v3.01 AMS font symbols
)
("C:\Program Files\MiKTeX 2.9\tex\latex\morefloats\morefloats.sty"
Package: morefloats 2015/07/22 v1.0h Raise limit of unprocessed floats (HMM)
Package morefloats Info: Maximum number of possible floats asked for: 36
(morefloats)             (i.e. 18 more floats).
(morefloats)             LaTeX might run out of memory before this
(morefloats)             (in which case it will notify you).


Package morefloats Warning: LaTeX2e <2011/06/27> patch level 0
(morefloats)                found. At least
(morefloats)                LaTeX2e <2015/01/01> patch level 2
(morefloats)                is now available
(morefloats)                and can handle even more floats.

("C:\Program Files\MiKTeX 2.9\tex\latex\ifetex\ifetex.sty"
Package: ifetex 2011/12/15 v1.2 ifetex

("C:\Program Files\MiKTeX 2.9\tex\plain\ifetex\ifetex.tex")))
("C:\Program Files\MiKTeX 2.9\tex\latex\tools\verbatim.sty"
Package: verbatim 2003/08/22 v1.5q LaTeX2e package for verbatim enhancements
\every@verbatim=\toks28
\verbatim@line=\toks29
\verbatim@in@stream=\read1
)
("C:\Program Files\MiKTeX 2.9\tex\latex\mdframed\mdframed.sty"
Package: mdframed 2013/07/01 1.9b: mdframed

("C:\Program Files\MiKTeX 2.9\tex\latex\l3packages\xparse\xparse.sty"
("C:\Program Files\MiKTeX 2.9\tex\latex\l3kernel\expl3.sty"
Package: expl3 2014/11/25 v5471 L3 programming layer (loader) 

("C:\Program Files\MiKTeX 2.9\tex\latex\l3kernel\expl3-code.tex"
Package: expl3 2014/11/25 v5471 L3 programming layer (code) 
L3 Module: l3bootstrap 2014/08/23 v5354 L3 Bootstrap code

("C:\Program Files\MiKTeX 2.9\tex\latex\misc\etex.sty"
Package: etex 1998/03/26 v2.0 eTeX basic definition package (PEB)
\et@xins=\count120
)
L3 Module: l3names 2014/08/22 v5343 L3 Namespace for primitives
L3 Module: l3basics 2014/08/24 v5364 L3 Basic definitions
L3 Module: l3expan 2014/08/22 v5349 L3 Argument expansion
L3 Module: l3tl 2014/11/19 v5460 L3 Token lists
L3 Module: l3str 2014/08/24 v5368 L3 Strings
L3 Module: l3seq 2014/08/23 v5354 L3 Sequences and stacks
L3 Module: l3int 2014/09/14 v5421 L3 Integers
\c_max_int=\count121
\l_tmpa_int=\count122
\l_tmpb_int=\count123
\g_tmpa_int=\count124
\g_tmpb_int=\count125
L3 Module: l3quark 2014/08/23 v5354 L3 Quarks
L3 Module: l3prg 2014/08/23 v5354 L3 Control structures
\g__prg_map_int=\count126
L3 Module: l3clist 2014/08/23 v5354 L3 Comma separated lists
L3 Module: l3token 2014/09/15 v5422 L3 Experimental token manipulation
L3 Module: l3prop 2014/08/23 v5354 L3 Property lists
L3 Module: l3msg 2014/08/24 v5358 L3 Messages
L3 Module: l3file 2014/08/24 v5369 L3 File and I/O operations
\l_iow_line_count_int=\count127
\l__iow_target_count_int=\count128
\l__iow_current_line_int=\count129
\l__iow_current_word_int=\count130
\l__iow_current_indentation_int=\count131
L3 Module: l3skip 2014/08/23 v5354 L3 Dimensions and skips
\c_zero_dim=\dimen122
\c_max_dim=\dimen123
\l_tmpa_dim=\dimen124
\l_tmpb_dim=\dimen125
\g_tmpa_dim=\dimen126
\g_tmpb_dim=\dimen127
\c_zero_skip=\skip59
\c_max_skip=\skip60
\l_tmpa_skip=\skip61
\l_tmpb_skip=\skip62
\g_tmpa_skip=\skip63
\g_tmpb_skip=\skip64
\c_zero_muskip=\muskip12
\c_max_muskip=\muskip13
\l_tmpa_muskip=\muskip14
\l_tmpb_muskip=\muskip15
\g_tmpa_muskip=\muskip16
\g_tmpb_muskip=\muskip17
L3 Module: l3keys 2014/08/23 v5354 L3 Key-value interfaces
\g__keyval_level_int=\count132
\l_keys_choice_int=\count133
L3 Module: l3fp 2014/08/22 v5336 L3 Floating points
\c__fp_leading_shift_int=\count134
\c__fp_middle_shift_int=\count135
\c__fp_trailing_shift_int=\count136
\c__fp_big_leading_shift_int=\count137
\c__fp_big_middle_shift_int=\count138
\c__fp_big_trailing_shift_int=\count139
\c__fp_Bigg_leading_shift_int=\count140
\c__fp_Bigg_middle_shift_int=\count141
\c__fp_Bigg_trailing_shift_int=\count142
L3 Module: l3box 2014/08/23 v5354 L3 Experimental boxes
\c_empty_box=\box37
\l_tmpa_box=\box38
\l_tmpb_box=\box39
\g_tmpa_box=\box40
\g_tmpb_box=\box41
L3 Module: l3coffins 2014/08/23 v5354 L3 Coffin code layer
\l__coffin_internal_box=\box42
\l__coffin_internal_dim=\dimen128
\l__coffin_offset_x_dim=\dimen129
\l__coffin_offset_y_dim=\dimen130
\l__coffin_x_dim=\dimen131
\l__coffin_y_dim=\dimen132
\l__coffin_x_prime_dim=\dimen133
\l__coffin_y_prime_dim=\dimen134
\c_empty_coffin=\box43
\l__coffin_aligned_coffin=\box44
\l__coffin_aligned_internal_coffin=\box45
\l_tmpa_coffin=\box46
\l_tmpb_coffin=\box47
\l__coffin_display_coffin=\box48
\l__coffin_display_coord_coffin=\box49
\l__coffin_display_pole_coffin=\box50
\l__coffin_display_offset_dim=\dimen135
\l__coffin_display_x_dim=\dimen136
\l__coffin_display_y_dim=\dimen137
L3 Module: l3color 2014/08/23 v5354 L3 Experimental color support
L3 Module: l3candidates 2014/11/23 v5466 L3 Experimental additions to l3kernel
\l__box_top_dim=\dimen138
\l__box_bottom_dim=\dimen139
\l__box_left_dim=\dimen140
\l__box_right_dim=\dimen141
\l__box_top_new_dim=\dimen142
\l__box_bottom_new_dim=\dimen143
\l__box_left_new_dim=\dimen144
\l__box_right_new_dim=\dimen145
\l__box_internal_box=\box51
\l__coffin_bounding_shift_dim=\dimen146
\l__coffin_left_corner_dim=\dimen147
\l__coffin_right_corner_dim=\dimen148
\l__coffin_bottom_corner_dim=\dimen149
\l__coffin_top_corner_dim=\dimen150
\l__coffin_scaled_total_height_dim=\dimen151
\l__coffin_scaled_width_dim=\dimen152
)
("C:\Program Files\MiKTeX 2.9\tex\latex\l3kernel\l3unicode-data.def"
File: l3unicode-data.def 2014/11/23 v5465 L3 Unicode data
)
("C:\Program Files\MiKTeX 2.9\tex\latex\l3kernel\l3pdfmode.def"
File: l3pdfmode.def 2014/11/23 v5466 L3 Experimental driver: PDF mode
\l__driver_color_stack_int=\count143
))
Package: xparse 2014/11/25 v5471 L3 Experimental document command parser
\l__xparse_current_arg_int=\count144
\l__xparse_m_args_int=\count145
\l__xparse_mandatory_args_int=\count146
\l__xparse_processor_int=\count147
\l__xparse_v_nesting_int=\count148
)
("C:\Program Files\MiKTeX 2.9\tex\latex\etoolbox\etoolbox.sty"
Package: etoolbox 2011/01/03 v2.1 e-TeX tools for LaTeX
\etb@tempcnta=\count149
)
("C:\Program Files\MiKTeX 2.9\tex\latex\oberdiek\zref-abspage.sty"
Package: zref-abspage 2012/04/04 v2.24 Module abspage for zref (HO)

("C:\Program Files\MiKTeX 2.9\tex\latex\oberdiek\zref-base.sty"
Package: zref-base 2012/04/04 v2.24 Module base for zref (HO)
Package zref Info: New property list: main on input line 759.
Package zref Info: New property: default on input line 760.
Package zref Info: New property: page on input line 761.
)
\c@abspage=\count150
Package zref Info: New property: abspage on input line 62.
)
("C:\Program Files\MiKTeX 2.9\tex\latex\needspace\needspace.sty"
Package: needspace 2010/09/12 v1.3d reserve vertical space
)
\mdf@templength=\skip65
\c@mdf@globalstyle@cnt=\count151
\mdf@skipabove@length=\skip66
\mdf@skipbelow@length=\skip67
\mdf@leftmargin@length=\skip68
\mdf@rightmargin@length=\skip69
\mdf@innerleftmargin@length=\skip70
\mdf@innerrightmargin@length=\skip71
\mdf@innertopmargin@length=\skip72
\mdf@innerbottommargin@length=\skip73
\mdf@splittopskip@length=\skip74
\mdf@splitbottomskip@length=\skip75
\mdf@outermargin@length=\skip76
\mdf@innermargin@length=\skip77
\mdf@linewidth@length=\skip78
\mdf@innerlinewidth@length=\skip79
\mdf@middlelinewidth@length=\skip80
\mdf@outerlinewidth@length=\skip81
\mdf@roundcorner@length=\skip82
\mdf@footenotedistance@length=\skip83
\mdf@userdefinedwidth@length=\skip84
\mdf@needspace@length=\skip85
\mdf@frametitleaboveskip@length=\skip86
\mdf@frametitlebelowskip@length=\skip87
\mdf@frametitlerulewidth@length=\skip88
\mdf@frametitleleftmargin@length=\skip89
\mdf@frametitlerightmargin@length=\skip90
\mdf@shadowsize@length=\skip91
\mdf@extratopheight@length=\skip92
\mdf@subtitleabovelinewidth@length=\skip93
\mdf@subtitlebelowlinewidth@length=\skip94
\mdf@subtitleaboveskip@length=\skip95
\mdf@subtitlebelowskip@length=\skip96
\mdf@subtitleinneraboveskip@length=\skip97
\mdf@subtitleinnerbelowskip@length=\skip98
\mdf@subsubtitleabovelinewidth@length=\skip99
\mdf@subsubtitlebelowlinewidth@length=\skip100
\mdf@subsubtitleaboveskip@length=\skip101
\mdf@subsubtitlebelowskip@length=\skip102
\mdf@subsubtitleinneraboveskip@length=\skip103
\mdf@subsubtitleinnerbelowskip@length=\skip104

("C:\Program Files\MiKTeX 2.9\tex\latex\mdframed\md-frame-0.mdf"
File: md-frame-0.mdf 2013/07/01\ 1.9b: md-frame-0
)
\mdf@frametitlebox=\box52
\mdf@footnotebox=\box53
\mdf@splitbox@one=\box54
\mdf@splitbox@two=\box55
\mdf@splitbox@save=\box56
\mdfsplitboxwidth=\skip105
\mdfsplitboxtotalwidth=\skip106
\mdfsplitboxheight=\skip107
\mdfsplitboxdepth=\skip108
\mdfsplitboxtotalheight=\skip109
\mdfframetitleboxwidth=\skip110
\mdfframetitleboxtotalwidth=\skip111
\mdfframetitleboxheight=\skip112
\mdfframetitleboxdepth=\skip113
\mdfframetitleboxtotalheight=\skip114
\mdffootnoteboxwidth=\skip115
\mdffootnoteboxtotalwidth=\skip116
\mdffootnoteboxheight=\skip117
\mdffootnoteboxdepth=\skip118
\mdffootnoteboxtotalheight=\skip119
\mdftotallinewidth=\skip120
\mdfboundingboxwidth=\skip121
\mdfboundingboxtotalwidth=\skip122
\mdfboundingboxheight=\skip123
\mdfboundingboxdepth=\skip124
\mdfboundingboxtotalheight=\skip125
\mdf@freevspace@length=\skip126
\mdf@horizontalwidthofbox@length=\skip127
\mdf@verticalmarginwhole@length=\skip128
\mdf@horizontalspaceofbox=\skip129
\mdfsubtitleheight=\skip130
\mdfsubsubtitleheight=\skip131
\c@mdfcountframes=\count152

****** mdframed patching \endmdf@trivlist

****** -- success******

.................................................
. LaTeX info: "xparse/define-command"
. 
. Defining command \newmdtheoremenv with sig. 'O{} m o m o ' on line 601.
.................................................
.................................................
. LaTeX info: "xparse/define-command"
. 
. Defining command \mdtheorem with sig. ' O{} m o m o ' on line 701.
.................................................
\mdf@envdepth=\count153
\c@mdf@env@i=\count154
\c@mdf@env@ii=\count155
\c@mdf@zref@counter=\count156
Package zref Info: New property: mdf@pagevalue on input line 895.
)
\c@theorem=\count157

("C:\Program Files\MiKTeX 2.9\tex\latex\booktabs\booktabs.sty"
Package: booktabs 2005/04/14 v1.61803 publication quality tables
\heavyrulewidth=\dimen153
\lightrulewidth=\dimen154
\cmidrulewidth=\dimen155
\belowrulesep=\dimen156
\belowbottomsep=\dimen157
\aboverulesep=\dimen158
\abovetopsep=\dimen159
\cmidrulesep=\dimen160
\cmidrulekern=\dimen161
\defaultaddspace=\dimen162
\@cmidla=\count158
\@cmidlb=\count159
\@aboverulesep=\dimen163
\@belowrulesep=\dimen164
\@thisruleclass=\count160
\@lastruleclass=\count161
\@thisrulewidth=\dimen165
)
("C:\Program Files\MiKTeX 2.9\tex\latex\enumitem\enumitem.sty"
Package: enumitem 2011/09/28 v3.5.2 Customized lists
\labelindent=\skip132
\enit@outerparindent=\dimen166
\enit@toks=\toks30
\enit@inbox=\box57
\enitdp@description=\count162
)
("C:\Program Files\MiKTeX 2.9\tex\latex\graphics\graphicx.sty"
Package: graphicx 1999/02/16 v1.0f Enhanced LaTeX Graphics (DPC,SPQR)

("C:\Program Files\MiKTeX 2.9\tex\latex\graphics\graphics.sty"
Package: graphics 2009/02/05 v1.0o Standard LaTeX Graphics (DPC,SPQR)

("C:\Program Files\MiKTeX 2.9\tex\latex\graphics\trig.sty"
Package: trig 1999/03/16 v1.09 sin cos tan (DPC)
)
("C:\Program Files\MiKTeX 2.9\tex\latex\00miktex\graphics.cfg"
File: graphics.cfg 2007/01/18 v1.5 graphics configuration of teTeX/TeXLive
)
Package graphics Info: Driver file: pdftex.def on input line 91.
)
\Gin@req@height=\dimen167
\Gin@req@width=\dimen168
)
("C:\Program Files\MiKTeX 2.9\tex\latex\multirow\multirow.sty"
\bigstrutjot=\dimen169
)
(C:\gits\second_reflect\second_git_reflect\supplimentary\supplimentary.aux)
LaTeX Font Info:    Checking defaults for OML/cmm/m/it on input line 58.
LaTeX Font Info:    ... okay on input line 58.
LaTeX Font Info:    Checking defaults for T1/cmr/m/n on input line 58.
LaTeX Font Info:    ... okay on input line 58.
LaTeX Font Info:    Checking defaults for OT1/cmr/m/n on input line 58.
LaTeX Font Info:    ... okay on input line 58.
LaTeX Font Info:    Checking defaults for OMS/cmsy/m/n on input line 58.
LaTeX Font Info:    ... okay on input line 58.
LaTeX Font Info:    Checking defaults for OMX/cmex/m/n on input line 58.
LaTeX Font Info:    ... okay on input line 58.
LaTeX Font Info:    Checking defaults for U/cmr/m/n on input line 58.
LaTeX Font Info:    ... okay on input line 58.
LaTeX Font Info:    Checking defaults for PD1/pdf/m/n on input line 58.
LaTeX Font Info:    ... okay on input line 58.
LaTeX Font Info:    Try loading font information for OT1+ptm on input line 58.

("C:\Program Files\MiKTeX 2.9\tex\latex\psnfss\ot1ptm.fd"
File: ot1ptm.fd 2001/06/04 font definitions for OT1/ptm.
)
\AtBeginShipoutBox=\box58

("C:\Program Files\MiKTeX 2.9\tex\context\base\supp-pdf.mkii"
[Loading MPS to PDF converter (version 2006.09.02).]
\scratchcounter=\count163
\scratchdimen=\dimen170
\scratchbox=\box59
\nofMPsegments=\count164
\nofMParguments=\count165
\everyMPshowfont=\toks31
\MPscratchCnt=\count166
\MPscratchDim=\dimen171
\MPnumerator=\count167
\makeMPintoPDFobject=\count168
\everyMPtoPDFconversion=\toks32
)
Package hyperref Info: Link coloring OFF on input line 58.
 ("C:\Program Files\MiKTeX 2.9\tex\latex\hyperref\nameref.sty"
Package: nameref 2012/10/27 v2.43 Cross-referencing by name of section

("C:\Program Files\MiKTeX 2.9\tex\generic\oberdiek\gettitlestring.sty"
Package: gettitlestring 2010/12/03 v1.4 Cleanup title references (HO)
)
\c@section@level=\count169
)
LaTeX Info: Redefining \ref on input line 58.
LaTeX Info: Redefining \pageref on input line 58.
LaTeX Info: Redefining \nameref on input line 58.

(C:\gits\second_reflect\second_git_reflect\supplimentary\supplimentary.out)
(C:\gits\second_reflect\second_git_reflect\supplimentary\supplimentary.out)
\@outlinefile=\write3
LaTeX Font Info:    Font shape `OT1/ptm/bx/n' in size <17.28> not available
(Font)              Font shape `OT1/ptm/b/n' tried instead on input line 60.
LaTeX Font Info:    Try loading font information for U+msa on input line 60.

("C:\Program Files\MiKTeX 2.9\tex\latex\amsfonts\umsa.fd"
File: umsa.fd 2013/01/14 v3.01 AMS symbols A
)
LaTeX Font Info:    Try loading font information for U+msb on input line 60.

("C:\Program Files\MiKTeX 2.9\tex\latex\amsfonts\umsb.fd"
File: umsb.fd 2013/01/14 v3.01 AMS symbols B
)
LaTeX Font Info:    Font shape `OT1/ptm/bx/n' in size <10> not available
(Font)              Font shape `OT1/ptm/b/n' tried instead on input line 60.


LaTeX Warning: No \author given.

LaTeX Font Info:    Font shape `OT1/ptm/bx/n' in size <12> not available
(Font)              Font shape `OT1/ptm/b/n' tried instead on input line 61.
<../plots3/energy_contour.pdf, id=18, 597.23125pt x 845.1575pt>
File: ../plots3/energy_contour.pdf Graphic file (type pdf)

<use ../plots3/energy_contour.pdf>
Package pdftex.def Info: ../plots3/energy_contour.pdf used on input line 82.
(pdftex.def)             Requested size: 194.76982pt x 196.28741pt.

<../plots3/dist_contour.pdf, id=20, 597.23125pt x 845.1575pt>
File: ../plots3/dist_contour.pdf Graphic file (type pdf)

<use ../plots3/dist_contour.pdf>
Package pdftex.def Info: ../plots3/dist_contour.pdf used on input line 83.
(pdftex.def)             Requested size: 194.76982pt x 196.28741pt.

<../plots3/BaselineHMC_l10_eps0_5_log_scatter2D.pdf, id=22, 597.23125pt x 845.1
575pt>
File: ../plots3/BaselineHMC_l10_eps0_5_log_scatter2D.pdf Graphic file (type pdf
)
 <use ../plots3/BaselineHMC_l10_eps0_5_log_scatter2D.pdf>
Package pdftex.def Info: ../plots3/BaselineHMC_l10_eps0_5_log_scatter2D.pdf use
d on input line 106.
(pdftex.def)             Requested size: 194.76982pt x 196.28741pt.

<../plots3/ReflectiveHMC_l10_eps0_5_log_scatter2D.pdf, id=24, 597.23125pt x 845
.1575pt>
File: ../plots3/ReflectiveHMC_l10_eps0_5_log_scatter2D.pdf Graphic file (type p
df)
 <use ../plots3/ReflectiveHMC_l10_eps0_5_log_scatter2D.pdf>
Package pdftex.def Info: ../plots3/ReflectiveHMC_l10_eps0_5_log_scatter2D.pdf u
sed on input line 107.
(pdftex.def)             Requested size: 194.76982pt x 193.63177pt.

<../plots3/BaselineHMC_l25_eps0_1_log_scatter2D.pdf, id=26, 597.23125pt x 845.1
575pt>
File: ../plots3/BaselineHMC_l25_eps0_1_log_scatter2D.pdf Graphic file (type pdf
)
 <use ../plots3/BaselineHMC_l25_eps0_1_log_scatter2D.pdf>
Package pdftex.def Info: ../plots3/BaselineHMC_l25_eps0_1_log_scatter2D.pdf use
d on input line 128.
(pdftex.def)             Requested size: 194.76982pt x 196.28741pt.

<../plots3/ReflectiveHMC_l25_eps0_1_log_scatter2D.pdf, id=28, 597.23125pt x 845
.1575pt>
File: ../plots3/ReflectiveHMC_l25_eps0_1_log_scatter2D.pdf Graphic file (type p
df)
 <use ../plots3/ReflectiveHMC_l25_eps0_1_log_scatter2D.pdf>
Package pdftex.def Info: ../plots3/ReflectiveHMC_l25_eps0_1_log_scatter2D.pdf u
sed on input line 129.
(pdftex.def)             Requested size: 194.76982pt x 193.63177pt.

<../plots3/BaselineHMC_l25_eps0_2_log_scatter2D.pdf, id=30, 597.23125pt x 845.1
575pt>
File: ../plots3/BaselineHMC_l25_eps0_2_log_scatter2D.pdf Graphic file (type pdf
)
 <use ../plots3/BaselineHMC_l25_eps0_2_log_scatter2D.pdf>
Package pdftex.def Info: ../plots3/BaselineHMC_l25_eps0_2_log_scatter2D.pdf use
d on input line 151.
(pdftex.def)             Requested size: 194.76982pt x 196.28741pt.

<../plots3/ReflectiveHMC_l25_eps0_2_log_scatter2D.pdf, id=32, 597.23125pt x 845
.1575pt>
File: ../plots3/ReflectiveHMC_l25_eps0_2_log_scatter2D.pdf Graphic file (type p
df)
 <use ../plots3/ReflectiveHMC_l25_eps0_2_log_scatter2D.pdf>
Package pdftex.def Info: ../plots3/ReflectiveHMC_l25_eps0_2_log_scatter2D.pdf u
sed on input line 152.
(pdftex.def)             Requested size: 194.76982pt x 193.63177pt.
 [1

{C:/ProgramData/MiKTeX/2.9/pdftex/config/pdftex.map} <C:/gits/second_reflect/se
cond_git_reflect/plots3/energy_contour.pdf> <C:/gits/second_reflect/second_git_
reflect/plots3/dist_contour.pdf>] [2 <C:/gits/second_reflect/second_git_reflect
/plots3/BaselineHMC_l10_eps0_5_log_scatter2D.pdf> <C:/gits/second_reflect/secon
d_git_reflect/plots3/ReflectiveHMC_l10_eps0_5_log_scatter2D.pdf> <C:/gits/secon
d_reflect/second_git_reflect/plots3/BaselineHMC_l25_eps0_1_log_scatter2D.pdf> <
C:/gits/second_reflect/second_git_reflect/plots3/ReflectiveHMC_l25_eps0_1_log_s
catter2D.pdf>] (C:\gits\second_reflect\second_git_reflect\supplimentary\mainFig
Table.tex
<plots1/expectationVsamples_dim2_l20_eps0.05.pdf, id=87, 505.89pt x 419.5675pt>
File: plots1/expectationVsamples_dim2_l20_eps0.05.pdf Graphic file (type pdf)
<use plots1/expectationVsamples_dim2_l20_eps0.05.pdf>
Package pdftex.def Info: plots1/expectationVsamples_dim2_l20_eps0.05.pdf used o
n input line 5.
(pdftex.def)             Requested size: 194.7721pt x 147.06848pt.

<plots1/expectationVtime_dim2_l20_eps0.05.pdf, id=88, 494.84875pt x 413.545pt>
File: plots1/expectationVtime_dim2_l20_eps0.05.pdf Graphic file (type pdf)

<use plots1/expectationVtime_dim2_l20_eps0.05.pdf>
Package pdftex.def Info: plots1/expectationVtime_dim2_l20_eps0.05.pdf used on i
nput line 6.
(pdftex.def)             Requested size: 194.76466pt x 147.07137pt.

<plots1/expectationVsamples_dim10_l20_eps0.05.pdf, id=89, 505.89pt x 419.5675pt
>
File: plots1/expectationVsamples_dim10_l20_eps0.05.pdf Graphic file (type pdf)
 <use plots1/expectationVsamples_dim10_l20_eps0.05.pdf>
Package pdftex.def Info: plots1/expectationVsamples_dim10_l20_eps0.05.pdf used 
on input line 12.
(pdftex.def)             Requested size: 194.7721pt x 147.06848pt.

<plots1/expectationVtime_dim10_l20_eps0.05.pdf, id=90, 494.84875pt x 413.545pt>
File: plots1/expectationVtime_dim10_l20_eps0.05.pdf Graphic file (type pdf)
<use plots1/expectationVtime_dim10_l20_eps0.05.pdf>
Package pdftex.def Info: plots1/expectationVtime_dim10_l20_eps0.05.pdf used on 
input line 13.
(pdftex.def)             Requested size: 194.76466pt x 147.07137pt.

<plots1/expectationVsamples_dim50_l20_eps0.05.pdf, id=91, 505.89pt x 419.5675pt
>
File: plots1/expectationVsamples_dim50_l20_eps0.05.pdf Graphic file (type pdf)
 <use plots1/expectationVsamples_dim50_l20_eps0.05.pdf>
Package pdftex.def Info: plots1/expectationVsamples_dim50_l20_eps0.05.pdf used 
on input line 19.
(pdftex.def)             Requested size: 194.7721pt x 147.06848pt.

<plots1/expectationVtime_dim50_l20_eps0.05.pdf, id=92, 494.84875pt x 413.545pt>
File: plots1/expectationVtime_dim50_l20_eps0.05.pdf Graphic file (type pdf)
<use plots1/expectationVtime_dim50_l20_eps0.05.pdf>
Package pdftex.def Info: plots1/expectationVtime_dim50_l20_eps0.05.pdf used on 
input line 20.
(pdftex.def)             Requested size: 194.76466pt x 147.07137pt.

Overfull \hbox (0.7896pt too wide) in paragraph at lines 4--28
 [] 
 []

) (C:\gits\second_reflect\second_git_reflect\supplimentary\mainFigTable.tex
<plots1/expectationVsamples_dim2_l20_eps0.1.pdf, id=93, 505.89pt x 419.5675pt>
File: plots1/expectationVsamples_dim2_l20_eps0.1.pdf Graphic file (type pdf)

<use plots1/expectationVsamples_dim2_l20_eps0.1.pdf>
Package pdftex.def Info: plots1/expectationVsamples_dim2_l20_eps0.1.pdf used on
 input line 5.
(pdftex.def)             Requested size: 194.7721pt x 147.06848pt.

<plots1/expectationVtime_dim2_l20_eps0.1.pdf, id=94, 494.84875pt x 413.545pt>
File: plots1/expectationVtime_dim2_l20_eps0.1.pdf Graphic file (type pdf)

<use plots1/expectationVtime_dim2_l20_eps0.1.pdf>
Package pdftex.def Info: plots1/expectationVtime_dim2_l20_eps0.1.pdf used on in
put line 6.
(pdftex.def)             Requested size: 194.76466pt x 147.07137pt.

<plots1/expectationVsamples_dim10_l20_eps0.1.pdf, id=95, 505.89pt x 419.5675pt>
File: plots1/expectationVsamples_dim10_l20_eps0.1.pdf Graphic file (type pdf)
<use plots1/expectationVsamples_dim10_l20_eps0.1.pdf>
Package pdftex.def Info: plots1/expectationVsamples_dim10_l20_eps0.1.pdf used o
n input line 12.
(pdftex.def)             Requested size: 194.7721pt x 147.06848pt.

<plots1/expectationVtime_dim10_l20_eps0.1.pdf, id=96, 494.84875pt x 413.545pt>
File: plots1/expectationVtime_dim10_l20_eps0.1.pdf Graphic file (type pdf)

<use plots1/expectationVtime_dim10_l20_eps0.1.pdf>
Package pdftex.def Info: plots1/expectationVtime_dim10_l20_eps0.1.pdf used on i
nput line 13.
(pdftex.def)             Requested size: 194.76466pt x 147.07137pt.

<plots1/expectationVsamples_dim50_l20_eps0.1.pdf, id=97, 505.89pt x 419.5675pt>
File: plots1/expectationVsamples_dim50_l20_eps0.1.pdf Graphic file (type pdf)
<use plots1/expectationVsamples_dim50_l20_eps0.1.pdf>
Package pdftex.def Info: plots1/expectationVsamples_dim50_l20_eps0.1.pdf used o
n input line 19.
(pdftex.def)             Requested size: 194.7721pt x 147.06848pt.

<plots1/expectationVtime_dim50_l20_eps0.1.pdf, id=98, 494.84875pt x 413.545pt>
File: plots1/expectationVtime_dim50_l20_eps0.1.pdf Graphic file (type pdf)

<use plots1/expectationVtime_dim50_l20_eps0.1.pdf>
Package pdftex.def Info: plots1/expectationVtime_dim50_l20_eps0.1.pdf used on i
nput line 20.
(pdftex.def)             Requested size: 194.76466pt x 147.07137pt.

Overfull \hbox (0.7896pt too wide) in paragraph at lines 4--28
 [] 
 []

) (C:\gits\second_reflect\second_git_reflect\supplimentary\mainFigTable.tex
<plots1/expectationVsamples_dim2_l20_eps0.2.pdf, id=99, 505.89pt x 419.5675pt>
File: plots1/expectationVsamples_dim2_l20_eps0.2.pdf Graphic file (type pdf)

<use plots1/expectationVsamples_dim2_l20_eps0.2.pdf>
Package pdftex.def Info: plots1/expectationVsamples_dim2_l20_eps0.2.pdf used on
 input line 5.
(pdftex.def)             Requested size: 194.7721pt x 147.06848pt.

<plots1/expectationVtime_dim2_l20_eps0.2.pdf, id=100, 494.84875pt x 413.545pt>
File: plots1/expectationVtime_dim2_l20_eps0.2.pdf Graphic file (type pdf)

<use plots1/expectationVtime_dim2_l20_eps0.2.pdf>
Package pdftex.def Info: plots1/expectationVtime_dim2_l20_eps0.2.pdf used on in
put line 6.
(pdftex.def)             Requested size: 194.76466pt x 147.07137pt.

<plots1/expectationVsamples_dim10_l20_eps0.2.pdf, id=101, 505.89pt x 419.5675pt
>
File: plots1/expectationVsamples_dim10_l20_eps0.2.pdf Graphic file (type pdf)
 <use plots1/expectationVsamples_dim10_l20_eps0.2.pdf>
Package pdftex.def Info: plots1/expectationVsamples_dim10_l20_eps0.2.pdf used o
n input line 12.
(pdftex.def)             Requested size: 194.7721pt x 147.06848pt.

<plots1/expectationVtime_dim10_l20_eps0.2.pdf, id=102, 494.84875pt x 413.545pt>
File: plots1/expectationVtime_dim10_l20_eps0.2.pdf Graphic file (type pdf)
<use plots1/expectationVtime_dim10_l20_eps0.2.pdf>
Package pdftex.def Info: plots1/expectationVtime_dim10_l20_eps0.2.pdf used on i
nput line 13.
(pdftex.def)             Requested size: 194.76466pt x 147.07137pt.

<plots1/expectationVsamples_dim50_l20_eps0.2.pdf, id=103, 505.89pt x 419.5675pt
>
File: plots1/expectationVsamples_dim50_l20_eps0.2.pdf Graphic file (type pdf)
 <use plots1/expectationVsamples_dim50_l20_eps0.2.pdf>
Package pdftex.def Info: plots1/expectationVsamples_dim50_l20_eps0.2.pdf used o
n input line 19.
(pdftex.def)             Requested size: 194.7721pt x 147.06848pt.

<plots1/expectationVtime_dim50_l20_eps0.2.pdf, id=104, 494.84875pt x 413.545pt>
File: plots1/expectationVtime_dim50_l20_eps0.2.pdf Graphic file (type pdf)
<use plots1/expectationVtime_dim50_l20_eps0.2.pdf>
Package pdftex.def Info: plots1/expectationVtime_dim50_l20_eps0.2.pdf used on i
nput line 20.
(pdftex.def)             Requested size: 194.76466pt x 147.07137pt.

Overfull \hbox (0.7896pt too wide) in paragraph at lines 4--28
 [] 
 []

) (C:\gits\second_reflect\second_git_reflect\supplimentary\mainFigTable.tex
<plots1/expectationVsamples_dim2_l20_eps0.4.pdf, id=105, 505.89pt x 419.5675pt>
File: plots1/expectationVsamples_dim2_l20_eps0.4.pdf Graphic file (type pdf)
<use plots1/expectationVsamples_dim2_l20_eps0.4.pdf>
Package pdftex.def Info: plots1/expectationVsamples_dim2_l20_eps0.4.pdf used on
 input line 5.
(pdftex.def)             Requested size: 194.7721pt x 147.06848pt.

<plots1/expectationVtime_dim2_l20_eps0.4.pdf, id=106, 494.84875pt x 413.545pt>
File: plots1/expectationVtime_dim2_l20_eps0.4.pdf Graphic file (type pdf)

<use plots1/expectationVtime_dim2_l20_eps0.4.pdf>
Package pdftex.def Info: plots1/expectationVtime_dim2_l20_eps0.4.pdf used on in
put line 6.
(pdftex.def)             Requested size: 194.76466pt x 147.07137pt.

<plots1/expectationVsamples_dim10_l20_eps0.4.pdf, id=107, 505.89pt x 419.5675pt
>
File: plots1/expectationVsamples_dim10_l20_eps0.4.pdf Graphic file (type pdf)
 <use plots1/expectationVsamples_dim10_l20_eps0.4.pdf>
Package pdftex.def Info: plots1/expectationVsamples_dim10_l20_eps0.4.pdf used o
n input line 12.
(pdftex.def)             Requested size: 194.7721pt x 147.06848pt.

<plots1/expectationVtime_dim10_l20_eps0.4.pdf, id=108, 494.84875pt x 413.545pt>
File: plots1/expectationVtime_dim10_l20_eps0.4.pdf Graphic file (type pdf)
<use plots1/expectationVtime_dim10_l20_eps0.4.pdf>
Package pdftex.def Info: plots1/expectationVtime_dim10_l20_eps0.4.pdf used on i
nput line 13.
(pdftex.def)             Requested size: 194.76466pt x 147.07137pt.

<plots1/expectationVsamples_dim50_l20_eps0.4.pdf, id=109, 505.89pt x 419.5675pt
>
File: plots1/expectationVsamples_dim50_l20_eps0.4.pdf Graphic file (type pdf)
 <use plots1/expectationVsamples_dim50_l20_eps0.4.pdf>
Package pdftex.def Info: plots1/expectationVsamples_dim50_l20_eps0.4.pdf used o
n input line 19.
(pdftex.def)             Requested size: 194.7721pt x 147.06848pt.

<plots1/expectationVtime_dim50_l20_eps0.4.pdf, id=110, 494.84875pt x 413.545pt>
File: plots1/expectationVtime_dim50_l20_eps0.4.pdf Graphic file (type pdf)
<use plots1/expectationVtime_dim50_l20_eps0.4.pdf>
Package pdftex.def Info: plots1/expectationVtime_dim50_l20_eps0.4.pdf used on i
nput line 20.
(pdftex.def)             Requested size: 194.76466pt x 147.07137pt.

Overfull \hbox (0.7896pt too wide) in paragraph at lines 4--28
 [] 
 []

) (C:\gits\second_reflect\second_git_reflect\supplimentary\mainFigTable.tex
<plots1/expectationVsamples_dim2_l50_eps0.05.pdf, id=111, 505.89pt x 419.5675pt
>
File: plots1/expectationVsamples_dim2_l50_eps0.05.pdf Graphic file (type pdf)
 <use plots1/expectationVsamples_dim2_l50_eps0.05.pdf>
Package pdftex.def Info: plots1/expectationVsamples_dim2_l50_eps0.05.pdf used o
n input line 5.
(pdftex.def)             Requested size: 194.7721pt x 147.06848pt.

<plots1/expectationVtime_dim2_l50_eps0.05.pdf, id=112, 494.84875pt x 413.545pt>
File: plots1/expectationVtime_dim2_l50_eps0.05.pdf Graphic file (type pdf)
<use plots1/expectationVtime_dim2_l50_eps0.05.pdf>
Package pdftex.def Info: plots1/expectationVtime_dim2_l50_eps0.05.pdf used on i
nput line 6.
(pdftex.def)             Requested size: 194.76466pt x 147.07137pt.

<plots1/expectationVsamples_dim10_l50_eps0.05.pdf, id=113, 505.89pt x 419.5675p
t>
File: plots1/expectationVsamples_dim10_l50_eps0.05.pdf Graphic file (type pdf)
 <use plots1/expectationVsamples_dim10_l50_eps0.05.pdf>
Package pdftex.def Info: plots1/expectationVsamples_dim10_l50_eps0.05.pdf used 
on input line 12.
(pdftex.def)             Requested size: 194.7721pt x 147.06848pt.

<plots1/expectationVtime_dim10_l50_eps0.05.pdf, id=114, 494.84875pt x 413.545pt
>
File: plots1/expectationVtime_dim10_l50_eps0.05.pdf Graphic file (type pdf)
 <use plots1/expectationVtime_dim10_l50_eps0.05.pdf>
Package pdftex.def Info: plots1/expectationVtime_dim10_l50_eps0.05.pdf used on 
input line 13.
(pdftex.def)             Requested size: 194.76466pt x 147.07137pt.

<plots1/expectationVsamples_dim50_l50_eps0.05.pdf, id=115, 505.89pt x 419.5675p
t>
File: plots1/expectationVsamples_dim50_l50_eps0.05.pdf Graphic file (type pdf)
 <use plots1/expectationVsamples_dim50_l50_eps0.05.pdf>
Package pdftex.def Info: plots1/expectationVsamples_dim50_l50_eps0.05.pdf used 
on input line 19.
(pdftex.def)             Requested size: 194.7721pt x 147.06848pt.

<plots1/expectationVtime_dim50_l50_eps0.05.pdf, id=116, 494.84875pt x 413.545pt
>
File: plots1/expectationVtime_dim50_l50_eps0.05.pdf Graphic file (type pdf)
 <use plots1/expectationVtime_dim50_l50_eps0.05.pdf>
Package pdftex.def Info: plots1/expectationVtime_dim50_l50_eps0.05.pdf used on 
input line 20.
(pdftex.def)             Requested size: 194.76466pt x 147.07137pt.

Overfull \hbox (0.7896pt too wide) in paragraph at lines 4--28
 [] 
 []

) (C:\gits\second_reflect\second_git_reflect\supplimentary\mainFigTable.tex
<plots1/expectationVsamples_dim2_l50_eps0.1.pdf, id=117, 505.89pt x 419.5675pt>
File: plots1/expectationVsamples_dim2_l50_eps0.1.pdf Graphic file (type pdf)
<use plots1/expectationVsamples_dim2_l50_eps0.1.pdf>
Package pdftex.def Info: plots1/expectationVsamples_dim2_l50_eps0.1.pdf used on
 input line 5.
(pdftex.def)             Requested size: 194.7721pt x 147.06848pt.

<plots1/expectationVtime_dim2_l50_eps0.1.pdf, id=118, 494.84875pt x 413.545pt>
File: plots1/expectationVtime_dim2_l50_eps0.1.pdf Graphic file (type pdf)

<use plots1/expectationVtime_dim2_l50_eps0.1.pdf>
Package pdftex.def Info: plots1/expectationVtime_dim2_l50_eps0.1.pdf used on in
put line 6.
(pdftex.def)             Requested size: 194.76466pt x 147.07137pt.

<plots1/expectationVsamples_dim10_l50_eps0.1.pdf, id=119, 505.89pt x 419.5675pt
>
File: plots1/expectationVsamples_dim10_l50_eps0.1.pdf Graphic file (type pdf)
 <use plots1/expectationVsamples_dim10_l50_eps0.1.pdf>
Package pdftex.def Info: plots1/expectationVsamples_dim10_l50_eps0.1.pdf used o
n input line 12.
(pdftex.def)             Requested size: 194.7721pt x 147.06848pt.

<plots1/expectationVtime_dim10_l50_eps0.1.pdf, id=120, 494.84875pt x 413.545pt>
File: plots1/expectationVtime_dim10_l50_eps0.1.pdf Graphic file (type pdf)
<use plots1/expectationVtime_dim10_l50_eps0.1.pdf>
Package pdftex.def Info: plots1/expectationVtime_dim10_l50_eps0.1.pdf used on i
nput line 13.
(pdftex.def)             Requested size: 194.76466pt x 147.07137pt.

<plots1/expectationVsamples_dim50_l50_eps0.1.pdf, id=121, 505.89pt x 419.5675pt
>
File: plots1/expectationVsamples_dim50_l50_eps0.1.pdf Graphic file (type pdf)
 <use plots1/expectationVsamples_dim50_l50_eps0.1.pdf>
Package pdftex.def Info: plots1/expectationVsamples_dim50_l50_eps0.1.pdf used o
n input line 19.
(pdftex.def)             Requested size: 194.7721pt x 147.06848pt.

<plots1/expectationVtime_dim50_l50_eps0.1.pdf, id=122, 494.84875pt x 413.545pt>
File: plots1/expectationVtime_dim50_l50_eps0.1.pdf Graphic file (type pdf)
<use plots1/expectationVtime_dim50_l50_eps0.1.pdf>
Package pdftex.def Info: plots1/expectationVtime_dim50_l50_eps0.1.pdf used on i
nput line 20.
(pdftex.def)             Requested size: 194.76466pt x 147.07137pt.

Overfull \hbox (0.7896pt too wide) in paragraph at lines 4--28
 [] 
 []

) (C:\gits\second_reflect\second_git_reflect\supplimentary\mainFigTable.tex
<plots1/expectationVsamples_dim2_l50_eps0.2.pdf, id=123, 505.89pt x 419.5675pt>
File: plots1/expectationVsamples_dim2_l50_eps0.2.pdf Graphic file (type pdf)
<use plots1/expectationVsamples_dim2_l50_eps0.2.pdf>
Package pdftex.def Info: plots1/expectationVsamples_dim2_l50_eps0.2.pdf used on
 input line 5.
(pdftex.def)             Requested size: 194.7721pt x 147.06848pt.

<plots1/expectationVtime_dim2_l50_eps0.2.pdf, id=124, 494.84875pt x 413.545pt>
File: plots1/expectationVtime_dim2_l50_eps0.2.pdf Graphic file (type pdf)

<use plots1/expectationVtime_dim2_l50_eps0.2.pdf>
Package pdftex.def Info: plots1/expectationVtime_dim2_l50_eps0.2.pdf used on in
put line 6.
(pdftex.def)             Requested size: 194.76466pt x 147.07137pt.

<plots1/expectationVsamples_dim10_l50_eps0.2.pdf, id=125, 505.89pt x 419.5675pt
>
File: plots1/expectationVsamples_dim10_l50_eps0.2.pdf Graphic file (type pdf)
 <use plots1/expectationVsamples_dim10_l50_eps0.2.pdf>
Package pdftex.def Info: plots1/expectationVsamples_dim10_l50_eps0.2.pdf used o
n input line 12.
(pdftex.def)             Requested size: 194.7721pt x 147.06848pt.

<plots1/expectationVtime_dim10_l50_eps0.2.pdf, id=126, 494.84875pt x 413.545pt>
File: plots1/expectationVtime_dim10_l50_eps0.2.pdf Graphic file (type pdf)
<use plots1/expectationVtime_dim10_l50_eps0.2.pdf>
Package pdftex.def Info: plots1/expectationVtime_dim10_l50_eps0.2.pdf used on i
nput line 13.
(pdftex.def)             Requested size: 194.76466pt x 147.07137pt.

<plots1/expectationVsamples_dim50_l50_eps0.2.pdf, id=127, 505.89pt x 419.5675pt
>
File: plots1/expectationVsamples_dim50_l50_eps0.2.pdf Graphic file (type pdf)
 <use plots1/expectationVsamples_dim50_l50_eps0.2.pdf>
Package pdftex.def Info: plots1/expectationVsamples_dim50_l50_eps0.2.pdf used o
n input line 19.
(pdftex.def)             Requested size: 194.7721pt x 147.06848pt.

<plots1/expectationVtime_dim50_l50_eps0.2.pdf, id=128, 494.84875pt x 413.545pt>
File: plots1/expectationVtime_dim50_l50_eps0.2.pdf Graphic file (type pdf)
<use plots1/expectationVtime_dim50_l50_eps0.2.pdf>
Package pdftex.def Info: plots1/expectationVtime_dim50_l50_eps0.2.pdf used on i
nput line 20.
(pdftex.def)             Requested size: 194.76466pt x 147.07137pt.

Overfull \hbox (0.7896pt too wide) in paragraph at lines 4--28
 [] 
 []

) (C:\gits\second_reflect\second_git_reflect\supplimentary\mainFigTable.tex
<plots1/expectationVsamples_dim2_l50_eps0.4.pdf, id=129, 505.89pt x 419.5675pt>
File: plots1/expectationVsamples_dim2_l50_eps0.4.pdf Graphic file (type pdf)
<use plots1/expectationVsamples_dim2_l50_eps0.4.pdf>
Package pdftex.def Info: plots1/expectationVsamples_dim2_l50_eps0.4.pdf used on
 input line 5.
(pdftex.def)             Requested size: 194.7721pt x 147.06848pt.

<plots1/expectationVtime_dim2_l50_eps0.4.pdf, id=130, 494.84875pt x 413.545pt>
File: plots1/expectationVtime_dim2_l50_eps0.4.pdf Graphic file (type pdf)

<use plots1/expectationVtime_dim2_l50_eps0.4.pdf>
Package pdftex.def Info: plots1/expectationVtime_dim2_l50_eps0.4.pdf used on in
put line 6.
(pdftex.def)             Requested size: 194.76466pt x 147.07137pt.

<plots1/expectationVsamples_dim10_l50_eps0.4.pdf, id=131, 505.89pt x 419.5675pt
>
File: plots1/expectationVsamples_dim10_l50_eps0.4.pdf Graphic file (type pdf)
 <use plots1/expectationVsamples_dim10_l50_eps0.4.pdf>
Package pdftex.def Info: plots1/expectationVsamples_dim10_l50_eps0.4.pdf used o
n input line 12.
(pdftex.def)             Requested size: 194.7721pt x 147.06848pt.

<plots1/expectationVtime_dim10_l50_eps0.4.pdf, id=132, 494.84875pt x 413.545pt>
File: plots1/expectationVtime_dim10_l50_eps0.4.pdf Graphic file (type pdf)
<use plots1/expectationVtime_dim10_l50_eps0.4.pdf>
Package pdftex.def Info: plots1/expectationVtime_dim10_l50_eps0.4.pdf used on i
nput line 13.
(pdftex.def)             Requested size: 194.76466pt x 147.07137pt.

<plots1/expectationVsamples_dim50_l50_eps0.4.pdf, id=133, 505.89pt x 419.5675pt
>
File: plots1/expectationVsamples_dim50_l50_eps0.4.pdf Graphic file (type pdf)
 <use plots1/expectationVsamples_dim50_l50_eps0.4.pdf>
Package pdftex.def Info: plots1/expectationVsamples_dim50_l50_eps0.4.pdf used o
n input line 19.
(pdftex.def)             Requested size: 194.7721pt x 147.06848pt.

<plots1/expectationVtime_dim50_l50_eps0.4.pdf, id=134, 494.84875pt x 413.545pt>
File: plots1/expectationVtime_dim50_l50_eps0.4.pdf Graphic file (type pdf)
<use plots1/expectationVtime_dim50_l50_eps0.4.pdf>
Package pdftex.def Info: plots1/expectationVtime_dim50_l50_eps0.4.pdf used on i
nput line 20.
(pdftex.def)             Requested size: 194.76466pt x 147.07137pt.

Overfull \hbox (0.7896pt too wide) in paragraph at lines 4--28
 [] 
 []

) (C:\gits\second_reflect\second_git_reflect\supplimentary\mainFigTable.tex
<plots1/expectationVsamples_dim2_l100_eps0.05.pdf, id=135, 505.89pt x 419.5675p
t>
File: plots1/expectationVsamples_dim2_l100_eps0.05.pdf Graphic file (type pdf)
 <use plots1/expectationVsamples_dim2_l100_eps0.05.pdf>
Package pdftex.def Info: plots1/expectationVsamples_dim2_l100_eps0.05.pdf used 
on input line 5.
(pdftex.def)             Requested size: 194.7721pt x 147.06848pt.

<plots1/expectationVtime_dim2_l100_eps0.05.pdf, id=136, 494.84875pt x 413.545pt
>
File: plots1/expectationVtime_dim2_l100_eps0.05.pdf Graphic file (type pdf)
 <use plots1/expectationVtime_dim2_l100_eps0.05.pdf>
Package pdftex.def Info: plots1/expectationVtime_dim2_l100_eps0.05.pdf used on 
input line 6.
(pdftex.def)             Requested size: 194.76466pt x 147.07137pt.

<plots1/expectationVsamples_dim10_l100_eps0.05.pdf, id=137, 505.89pt x 419.5675
pt>
File: plots1/expectationVsamples_dim10_l100_eps0.05.pdf Graphic file (type pdf)

 <use plots1/expectationVsamples_dim10_l100_eps0.05.pdf>
Package pdftex.def Info: plots1/expectationVsamples_dim10_l100_eps0.05.pdf used
 on input line 12.
(pdftex.def)             Requested size: 194.7721pt x 147.06848pt.

<plots1/expectationVtime_dim10_l100_eps0.05.pdf, id=138, 494.84875pt x 413.545p
t>
File: plots1/expectationVtime_dim10_l100_eps0.05.pdf Graphic file (type pdf)
 <use plots1/expectationVtime_dim10_l100_eps0.05.pdf>
Package pdftex.def Info: plots1/expectationVtime_dim10_l100_eps0.05.pdf used on
 input line 13.
(pdftex.def)             Requested size: 194.76466pt x 147.07137pt.

<plots1/expectationVsamples_dim50_l100_eps0.05.pdf, id=139, 505.89pt x 419.5675
pt>
File: plots1/expectationVsamples_dim50_l100_eps0.05.pdf Graphic file (type pdf)

 <use plots1/expectationVsamples_dim50_l100_eps0.05.pdf>
Package pdftex.def Info: plots1/expectationVsamples_dim50_l100_eps0.05.pdf used
 on input line 19.
(pdftex.def)             Requested size: 194.7721pt x 147.06848pt.

<plots1/expectationVtime_dim50_l100_eps0.05.pdf, id=140, 494.84875pt x 413.545p
t>
File: plots1/expectationVtime_dim50_l100_eps0.05.pdf Graphic file (type pdf)
 <use plots1/expectationVtime_dim50_l100_eps0.05.pdf>
Package pdftex.def Info: plots1/expectationVtime_dim50_l100_eps0.05.pdf used on
 input line 20.
(pdftex.def)             Requested size: 194.76466pt x 147.07137pt.

Overfull \hbox (0.7896pt too wide) in paragraph at lines 4--28
 [] 
 []

) (C:\gits\second_reflect\second_git_reflect\supplimentary\mainFigTable.tex
<plots1/expectationVsamples_dim2_l100_eps0.1.pdf, id=141, 505.89pt x 419.5675pt
>
File: plots1/expectationVsamples_dim2_l100_eps0.1.pdf Graphic file (type pdf)
 <use plots1/expectationVsamples_dim2_l100_eps0.1.pdf>
Package pdftex.def Info: plots1/expectationVsamples_dim2_l100_eps0.1.pdf used o
n input line 5.
(pdftex.def)             Requested size: 194.7721pt x 147.06848pt.

<plots1/expectationVtime_dim2_l100_eps0.1.pdf, id=142, 494.84875pt x 413.545pt>
File: plots1/expectationVtime_dim2_l100_eps0.1.pdf Graphic file (type pdf)
<use plots1/expectationVtime_dim2_l100_eps0.1.pdf>
Package pdftex.def Info: plots1/expectationVtime_dim2_l100_eps0.1.pdf used on i
nput line 6.
(pdftex.def)             Requested size: 194.76466pt x 147.07137pt.

<plots1/expectationVsamples_dim10_l100_eps0.1.pdf, id=143, 505.89pt x 419.5675p
t>
File: plots1/expectationVsamples_dim10_l100_eps0.1.pdf Graphic file (type pdf)
 <use plots1/expectationVsamples_dim10_l100_eps0.1.pdf>
Package pdftex.def Info: plots1/expectationVsamples_dim10_l100_eps0.1.pdf used 
on input line 12.
(pdftex.def)             Requested size: 194.7721pt x 147.06848pt.

<plots1/expectationVtime_dim10_l100_eps0.1.pdf, id=144, 494.84875pt x 413.545pt
>
File: plots1/expectationVtime_dim10_l100_eps0.1.pdf Graphic file (type pdf)
 <use plots1/expectationVtime_dim10_l100_eps0.1.pdf>
Package pdftex.def Info: plots1/expectationVtime_dim10_l100_eps0.1.pdf used on 
input line 13.
(pdftex.def)             Requested size: 194.76466pt x 147.07137pt.

<plots1/expectationVsamples_dim50_l100_eps0.1.pdf, id=145, 505.89pt x 419.5675p
t>
File: plots1/expectationVsamples_dim50_l100_eps0.1.pdf Graphic file (type pdf)
 <use plots1/expectationVsamples_dim50_l100_eps0.1.pdf>
Package pdftex.def Info: plots1/expectationVsamples_dim50_l100_eps0.1.pdf used 
on input line 19.
(pdftex.def)             Requested size: 194.7721pt x 147.06848pt.

<plots1/expectationVtime_dim50_l100_eps0.1.pdf, id=146, 494.84875pt x 413.545pt
>
File: plots1/expectationVtime_dim50_l100_eps0.1.pdf Graphic file (type pdf)
 <use plots1/expectationVtime_dim50_l100_eps0.1.pdf>
Package pdftex.def Info: plots1/expectationVtime_dim50_l100_eps0.1.pdf used on 
input line 20.
(pdftex.def)             Requested size: 194.76466pt x 147.07137pt.

Overfull \hbox (0.7896pt too wide) in paragraph at lines 4--28
 [] 
 []

) (C:\gits\second_reflect\second_git_reflect\supplimentary\mainFigTable.tex
<plots1/expectationVsamples_dim2_l100_eps0.2.pdf, id=147, 505.89pt x 419.5675pt
>
File: plots1/expectationVsamples_dim2_l100_eps0.2.pdf Graphic file (type pdf)
 <use plots1/expectationVsamples_dim2_l100_eps0.2.pdf>
Package pdftex.def Info: plots1/expectationVsamples_dim2_l100_eps0.2.pdf used o
n input line 5.
(pdftex.def)             Requested size: 194.7721pt x 147.06848pt.

<plots1/expectationVtime_dim2_l100_eps0.2.pdf, id=148, 494.84875pt x 413.545pt>
File: plots1/expectationVtime_dim2_l100_eps0.2.pdf Graphic file (type pdf)
<use plots1/expectationVtime_dim2_l100_eps0.2.pdf>
Package pdftex.def Info: plots1/expectationVtime_dim2_l100_eps0.2.pdf used on i
nput line 6.
(pdftex.def)             Requested size: 194.76466pt x 147.07137pt.

<plots1/expectationVsamples_dim10_l100_eps0.2.pdf, id=149, 505.89pt x 419.5675p
t>
File: plots1/expectationVsamples_dim10_l100_eps0.2.pdf Graphic file (type pdf)
 <use plots1/expectationVsamples_dim10_l100_eps0.2.pdf>
Package pdftex.def Info: plots1/expectationVsamples_dim10_l100_eps0.2.pdf used 
on input line 12.
(pdftex.def)             Requested size: 194.7721pt x 147.06848pt.

<plots1/expectationVtime_dim10_l100_eps0.2.pdf, id=150, 494.84875pt x 413.545pt
>
File: plots1/expectationVtime_dim10_l100_eps0.2.pdf Graphic file (type pdf)
 <use plots1/expectationVtime_dim10_l100_eps0.2.pdf>
Package pdftex.def Info: plots1/expectationVtime_dim10_l100_eps0.2.pdf used on 
input line 13.
(pdftex.def)             Requested size: 194.76466pt x 147.07137pt.

<plots1/expectationVsamples_dim50_l100_eps0.2.pdf, id=151, 505.89pt x 419.5675p
t>
File: plots1/expectationVsamples_dim50_l100_eps0.2.pdf Graphic file (type pdf)
 <use plots1/expectationVsamples_dim50_l100_eps0.2.pdf>
Package pdftex.def Info: plots1/expectationVsamples_dim50_l100_eps0.2.pdf used 
on input line 19.
(pdftex.def)             Requested size: 194.7721pt x 147.06848pt.

<plots1/expectationVtime_dim50_l100_eps0.2.pdf, id=152, 494.84875pt x 413.545pt
>
File: plots1/expectationVtime_dim50_l100_eps0.2.pdf Graphic file (type pdf)
 <use plots1/expectationVtime_dim50_l100_eps0.2.pdf>
Package pdftex.def Info: plots1/expectationVtime_dim50_l100_eps0.2.pdf used on 
input line 20.
(pdftex.def)             Requested size: 194.76466pt x 147.07137pt.

Overfull \hbox (0.7896pt too wide) in paragraph at lines 4--28
 [] 
 []

) (C:\gits\second_reflect\second_git_reflect\supplimentary\mainFigTable.tex
<plots1/expectationVsamples_dim2_l100_eps0.4.pdf, id=153, 505.89pt x 419.5675pt
>
File: plots1/expectationVsamples_dim2_l100_eps0.4.pdf Graphic file (type pdf)
 <use plots1/expectationVsamples_dim2_l100_eps0.4.pdf>
Package pdftex.def Info: plots1/expectationVsamples_dim2_l100_eps0.4.pdf used o
n input line 5.
(pdftex.def)             Requested size: 194.7721pt x 147.06848pt.

<plots1/expectationVtime_dim2_l100_eps0.4.pdf, id=154, 494.84875pt x 413.545pt>
File: plots1/expectationVtime_dim2_l100_eps0.4.pdf Graphic file (type pdf)
<use plots1/expectationVtime_dim2_l100_eps0.4.pdf>
Package pdftex.def Info: plots1/expectationVtime_dim2_l100_eps0.4.pdf used on i
nput line 6.
(pdftex.def)             Requested size: 194.76466pt x 147.07137pt.

<plots1/expectationVsamples_dim10_l100_eps0.4.pdf, id=155, 505.89pt x 419.5675p
t>
File: plots1/expectationVsamples_dim10_l100_eps0.4.pdf Graphic file (type pdf)
 <use plots1/expectationVsamples_dim10_l100_eps0.4.pdf>
Package pdftex.def Info: plots1/expectationVsamples_dim10_l100_eps0.4.pdf used 
on input line 12.
(pdftex.def)             Requested size: 194.7721pt x 147.06848pt.

<plots1/expectationVtime_dim10_l100_eps0.4.pdf, id=156, 494.84875pt x 413.545pt
>
File: plots1/expectationVtime_dim10_l100_eps0.4.pdf Graphic file (type pdf)
 <use plots1/expectationVtime_dim10_l100_eps0.4.pdf>
Package pdftex.def Info: plots1/expectationVtime_dim10_l100_eps0.4.pdf used on 
input line 13.
(pdftex.def)             Requested size: 194.76466pt x 147.07137pt.

<plots1/expectationVsamples_dim50_l100_eps0.4.pdf, id=157, 505.89pt x 419.5675p
t>
File: plots1/expectationVsamples_dim50_l100_eps0.4.pdf Graphic file (type pdf)
 <use plots1/expectationVsamples_dim50_l100_eps0.4.pdf>
Package pdftex.def Info: plots1/expectationVsamples_dim50_l100_eps0.4.pdf used 
on input line 19.
(pdftex.def)             Requested size: 194.7721pt x 147.06848pt.

<plots1/expectationVtime_dim50_l100_eps0.4.pdf, id=158, 494.84875pt x 413.545pt
>
File: plots1/expectationVtime_dim50_l100_eps0.4.pdf Graphic file (type pdf)
 <use plots1/expectationVtime_dim50_l100_eps0.4.pdf>
Package pdftex.def Info: plots1/expectationVtime_dim50_l100_eps0.4.pdf used on 
input line 20.
(pdftex.def)             Requested size: 194.76466pt x 147.07137pt.

Overfull \hbox (0.7896pt too wide) in paragraph at lines 4--28
 [] 
 []

) (C:\gits\second_reflect\second_git_reflect\supplimentary\mainFigTable.tex
<plots1/expectationVsamples_dim2_l200_eps0.05.pdf, id=159, 505.89pt x 419.5675p
t>
File: plots1/expectationVsamples_dim2_l200_eps0.05.pdf Graphic file (type pdf)
 <use plots1/expectationVsamples_dim2_l200_eps0.05.pdf>
Package pdftex.def Info: plots1/expectationVsamples_dim2_l200_eps0.05.pdf used 
on input line 5.
(pdftex.def)             Requested size: 194.7721pt x 147.06848pt.

<plots1/expectationVtime_dim2_l200_eps0.05.pdf, id=160, 494.84875pt x 413.545pt
>
File: plots1/expectationVtime_dim2_l200_eps0.05.pdf Graphic file (type pdf)
 <use plots1/expectationVtime_dim2_l200_eps0.05.pdf>
Package pdftex.def Info: plots1/expectationVtime_dim2_l200_eps0.05.pdf used on 
input line 6.
(pdftex.def)             Requested size: 194.76466pt x 147.07137pt.

<plots1/expectationVsamples_dim10_l200_eps0.05.pdf, id=161, 505.89pt x 419.5675
pt>
File: plots1/expectationVsamples_dim10_l200_eps0.05.pdf Graphic file (type pdf)

 <use plots1/expectationVsamples_dim10_l200_eps0.05.pdf>
Package pdftex.def Info: plots1/expectationVsamples_dim10_l200_eps0.05.pdf used
 on input line 12.
(pdftex.def)             Requested size: 194.7721pt x 147.06848pt.

<plots1/expectationVtime_dim10_l200_eps0.05.pdf, id=162, 494.84875pt x 413.545p
t>
File: plots1/expectationVtime_dim10_l200_eps0.05.pdf Graphic file (type pdf)
 <use plots1/expectationVtime_dim10_l200_eps0.05.pdf>
Package pdftex.def Info: plots1/expectationVtime_dim10_l200_eps0.05.pdf used on
 input line 13.
(pdftex.def)             Requested size: 194.76466pt x 147.07137pt.

<plots1/expectationVsamples_dim50_l200_eps0.05.pdf, id=163, 505.89pt x 419.5675
pt>
File: plots1/expectationVsamples_dim50_l200_eps0.05.pdf Graphic file (type pdf)

 <use plots1/expectationVsamples_dim50_l200_eps0.05.pdf>
Package pdftex.def Info: plots1/expectationVsamples_dim50_l200_eps0.05.pdf used
 on input line 19.
(pdftex.def)             Requested size: 194.7721pt x 147.06848pt.

<plots1/expectationVtime_dim50_l200_eps0.05.pdf, id=164, 494.84875pt x 413.545p
t>
File: plots1/expectationVtime_dim50_l200_eps0.05.pdf Graphic file (type pdf)
 <use plots1/expectationVtime_dim50_l200_eps0.05.pdf>
Package pdftex.def Info: plots1/expectationVtime_dim50_l200_eps0.05.pdf used on
 input line 20.
(pdftex.def)             Requested size: 194.76466pt x 147.07137pt.

Overfull \hbox (0.7896pt too wide) in paragraph at lines 4--28
 [] 
 []

) (C:\gits\second_reflect\second_git_reflect\supplimentary\mainFigTable.tex
<plots1/expectationVsamples_dim2_l200_eps0.1.pdf, id=165, 505.89pt x 419.5675pt
>
File: plots1/expectationVsamples_dim2_l200_eps0.1.pdf Graphic file (type pdf)
 <use plots1/expectationVsamples_dim2_l200_eps0.1.pdf>
Package pdftex.def Info: plots1/expectationVsamples_dim2_l200_eps0.1.pdf used o
n input line 5.
(pdftex.def)             Requested size: 194.7721pt x 147.06848pt.

<plots1/expectationVtime_dim2_l200_eps0.1.pdf, id=166, 494.84875pt x 413.545pt>
File: plots1/expectationVtime_dim2_l200_eps0.1.pdf Graphic file (type pdf)
<use plots1/expectationVtime_dim2_l200_eps0.1.pdf>
Package pdftex.def Info: plots1/expectationVtime_dim2_l200_eps0.1.pdf used on i
nput line 6.
(pdftex.def)             Requested size: 194.76466pt x 147.07137pt.

<plots1/expectationVsamples_dim10_l200_eps0.1.pdf, id=167, 505.89pt x 419.5675p
t>
File: plots1/expectationVsamples_dim10_l200_eps0.1.pdf Graphic file (type pdf)
 <use plots1/expectationVsamples_dim10_l200_eps0.1.pdf>
Package pdftex.def Info: plots1/expectationVsamples_dim10_l200_eps0.1.pdf used 
on input line 12.
(pdftex.def)             Requested size: 194.7721pt x 147.06848pt.

<plots1/expectationVtime_dim10_l200_eps0.1.pdf, id=168, 494.84875pt x 413.545pt
>
File: plots1/expectationVtime_dim10_l200_eps0.1.pdf Graphic file (type pdf)
 <use plots1/expectationVtime_dim10_l200_eps0.1.pdf>
Package pdftex.def Info: plots1/expectationVtime_dim10_l200_eps0.1.pdf used on 
input line 13.
(pdftex.def)             Requested size: 194.76466pt x 147.07137pt.

<plots1/expectationVsamples_dim50_l200_eps0.1.pdf, id=169, 505.89pt x 419.5675p
t>
File: plots1/expectationVsamples_dim50_l200_eps0.1.pdf Graphic file (type pdf)
 <use plots1/expectationVsamples_dim50_l200_eps0.1.pdf>
Package pdftex.def Info: plots1/expectationVsamples_dim50_l200_eps0.1.pdf used 
on input line 19.
(pdftex.def)             Requested size: 194.7721pt x 147.06848pt.

<plots1/expectationVtime_dim50_l200_eps0.1.pdf, id=170, 494.84875pt x 413.545pt
>
File: plots1/expectationVtime_dim50_l200_eps0.1.pdf Graphic file (type pdf)
 <use plots1/expectationVtime_dim50_l200_eps0.1.pdf>
Package pdftex.def Info: plots1/expectationVtime_dim50_l200_eps0.1.pdf used on 
input line 20.
(pdftex.def)             Requested size: 194.76466pt x 147.07137pt.

Overfull \hbox (0.7896pt too wide) in paragraph at lines 4--28
 [] 
 []

) (C:\gits\second_reflect\second_git_reflect\supplimentary\mainFigTable.tex
<plots1/expectationVsamples_dim2_l200_eps0.2.pdf, id=171, 505.89pt x 419.5675pt
>
File: plots1/expectationVsamples_dim2_l200_eps0.2.pdf Graphic file (type pdf)
 <use plots1/expectationVsamples_dim2_l200_eps0.2.pdf>
Package pdftex.def Info: plots1/expectationVsamples_dim2_l200_eps0.2.pdf used o
n input line 5.
(pdftex.def)             Requested size: 194.7721pt x 147.06848pt.

<plots1/expectationVtime_dim2_l200_eps0.2.pdf, id=172, 494.84875pt x 413.545pt>
File: plots1/expectationVtime_dim2_l200_eps0.2.pdf Graphic file (type pdf)
<use plots1/expectationVtime_dim2_l200_eps0.2.pdf>
Package pdftex.def Info: plots1/expectationVtime_dim2_l200_eps0.2.pdf used on i
nput line 6.
(pdftex.def)             Requested size: 194.76466pt x 147.07137pt.

<plots1/expectationVsamples_dim10_l200_eps0.2.pdf, id=173, 505.89pt x 419.5675p
t>
File: plots1/expectationVsamples_dim10_l200_eps0.2.pdf Graphic file (type pdf)
 <use plots1/expectationVsamples_dim10_l200_eps0.2.pdf>
Package pdftex.def Info: plots1/expectationVsamples_dim10_l200_eps0.2.pdf used 
on input line 12.
(pdftex.def)             Requested size: 194.7721pt x 147.06848pt.

<plots1/expectationVtime_dim10_l200_eps0.2.pdf, id=174, 494.84875pt x 413.545pt
>
File: plots1/expectationVtime_dim10_l200_eps0.2.pdf Graphic file (type pdf)
 <use plots1/expectationVtime_dim10_l200_eps0.2.pdf>
Package pdftex.def Info: plots1/expectationVtime_dim10_l200_eps0.2.pdf used on 
input line 13.
(pdftex.def)             Requested size: 194.76466pt x 147.07137pt.

<plots1/expectationVsamples_dim50_l200_eps0.2.pdf, id=175, 505.89pt x 419.5675p
t>
File: plots1/expectationVsamples_dim50_l200_eps0.2.pdf Graphic file (type pdf)
 <use plots1/expectationVsamples_dim50_l200_eps0.2.pdf>
Package pdftex.def Info: plots1/expectationVsamples_dim50_l200_eps0.2.pdf used 
on input line 19.
(pdftex.def)             Requested size: 194.7721pt x 147.06848pt.

<plots1/expectationVtime_dim50_l200_eps0.2.pdf, id=176, 494.84875pt x 413.545pt
>
File: plots1/expectationVtime_dim50_l200_eps0.2.pdf Graphic file (type pdf)
 <use plots1/expectationVtime_dim50_l200_eps0.2.pdf>
Package pdftex.def Info: plots1/expectationVtime_dim50_l200_eps0.2.pdf used on 
input line 20.
(pdftex.def)             Requested size: 194.76466pt x 147.07137pt.

Overfull \hbox (0.7896pt too wide) in paragraph at lines 4--28
 [] 
 []

) (C:\gits\second_reflect\second_git_reflect\supplimentary\mainFigTable.tex
<plots1/expectationVsamples_dim2_l200_eps0.4.pdf, id=177, 505.89pt x 419.5675pt
>
File: plots1/expectationVsamples_dim2_l200_eps0.4.pdf Graphic file (type pdf)
 <use plots1/expectationVsamples_dim2_l200_eps0.4.pdf>
Package pdftex.def Info: plots1/expectationVsamples_dim2_l200_eps0.4.pdf used o
n input line 5.
(pdftex.def)             Requested size: 194.7721pt x 147.06848pt.

<plots1/expectationVtime_dim2_l200_eps0.4.pdf, id=178, 494.84875pt x 413.545pt>
File: plots1/expectationVtime_dim2_l200_eps0.4.pdf Graphic file (type pdf)
<use plots1/expectationVtime_dim2_l200_eps0.4.pdf>
Package pdftex.def Info: plots1/expectationVtime_dim2_l200_eps0.4.pdf used on i
nput line 6.
(pdftex.def)             Requested size: 194.76466pt x 147.07137pt.

<plots1/expectationVsamples_dim10_l200_eps0.4.pdf, id=179, 505.89pt x 419.5675p
t>
File: plots1/expectationVsamples_dim10_l200_eps0.4.pdf Graphic file (type pdf)
 <use plots1/expectationVsamples_dim10_l200_eps0.4.pdf>
Package pdftex.def Info: plots1/expectationVsamples_dim10_l200_eps0.4.pdf used 
on input line 12.
(pdftex.def)             Requested size: 194.7721pt x 147.06848pt.

<plots1/expectationVtime_dim10_l200_eps0.4.pdf, id=180, 494.84875pt x 413.545pt
>
File: plots1/expectationVtime_dim10_l200_eps0.4.pdf Graphic file (type pdf)
 <use plots1/expectationVtime_dim10_l200_eps0.4.pdf>
Package pdftex.def Info: plots1/expectationVtime_dim10_l200_eps0.4.pdf used on 
input line 13.
(pdftex.def)             Requested size: 194.76466pt x 147.07137pt.

<plots1/expectationVsamples_dim50_l200_eps0.4.pdf, id=181, 505.89pt x 419.5675p
t>
File: plots1/expectationVsamples_dim50_l200_eps0.4.pdf Graphic file (type pdf)
 <use plots1/expectationVsamples_dim50_l200_eps0.4.pdf>
Package pdftex.def Info: plots1/expectationVsamples_dim50_l200_eps0.4.pdf used 
on input line 19.
(pdftex.def)             Requested size: 194.7721pt x 147.06848pt.

<plots1/expectationVtime_dim50_l200_eps0.4.pdf, id=182, 494.84875pt x 413.545pt
>
File: plots1/expectationVtime_dim50_l200_eps0.4.pdf Graphic file (type pdf)
 <use plots1/expectationVtime_dim50_l200_eps0.4.pdf>
Package pdftex.def Info: plots1/expectationVtime_dim50_l200_eps0.4.pdf used on 
input line 20.
(pdftex.def)             Requested size: 194.76466pt x 147.07137pt.

Overfull \hbox (0.7896pt too wide) in paragraph at lines 4--28
 [] 
 []

) [3 <C:/gits/second_reflect/second_git_reflect/plots3/BaselineHMC_l25_eps0_2_l
og_scatter2D.pdf> <C:/gits/second_reflect/second_git_reflect/plots3/ReflectiveH
MC_l25_eps0_2_log_scatter2D.pdf>] [4 <C:/gits/second_reflect/second_git_reflect
/supplimentary/plots1/expectationVsamples_dim2_l20_eps0.05.pdf> <C:/gits/second
_reflect/second_git_reflect/supplimentary/plots1/expectationVtime_dim2_l20_eps0
.05.pdf> <C:/gits/second_reflect/second_git_reflect/supplimentary/plots1/expect
ationVsamples_dim10_l20_eps0.05.pdf> <C:/gits/second_reflect/second_git_reflect
/supplimentary/plots1/expectationVtime_dim10_l20_eps0.05.pdf> <C:/gits/second_r
eflect/second_git_reflect/supplimentary/plots1/expectationVsamples_dim50_l20_ep
s0.05.pdf> <C:/gits/second_reflect/second_git_reflect/supplimentary/plots1/expe
ctationVtime_dim50_l20_eps0.05.pdf>] [5 <C:/gits/second_reflect/second_git_refl
ect/supplimentary/plots1/expectationVsamples_dim2_l20_eps0.1.pdf> <C:/gits/seco
nd_reflect/second_git_reflect/supplimentary/plots1/expectationVtime_dim2_l20_ep
s0.1.pdf> <C:/gits/second_reflect/second_git_reflect/supplimentary/plots1/expec
tationVsamples_dim10_l20_eps0.1.pdf> <C:/gits/second_reflect/second_git_reflect
/supplimentary/plots1/expectationVtime_dim10_l20_eps0.1.pdf> <C:/gits/second_re
flect/second_git_reflect/supplimentary/plots1/expectationVsamples_dim50_l20_eps
0.1.pdf> <C:/gits/second_reflect/second_git_reflect/supplimentary/plots1/expect
ationVtime_dim50_l20_eps0.1.pdf>] [6 <C:/gits/second_reflect/second_git_reflect
/supplimentary/plots1/expectationVsamples_dim2_l20_eps0.2.pdf> <C:/gits/second_
reflect/second_git_reflect/supplimentary/plots1/expectationVtime_dim2_l20_eps0.
2.pdf> <C:/gits/second_reflect/second_git_reflect/supplimentary/plots1/expectat
ionVsamples_dim10_l20_eps0.2.pdf> <C:/gits/second_reflect/second_git_reflect/su
pplimentary/plots1/expectationVtime_dim10_l20_eps0.2.pdf> <C:/gits/second_refle
ct/second_git_reflect/supplimentary/plots1/expectationVsamples_dim50_l20_eps0.2
.pdf> <C:/gits/second_reflect/second_git_reflect/supplimentary/plots1/expectati
onVtime_dim50_l20_eps0.2.pdf>] [7 <C:/gits/second_reflect/second_git_reflect/su
pplimentary/plots1/expectationVsamples_dim2_l20_eps0.4.pdf> <C:/gits/second_ref
lect/second_git_reflect/supplimentary/plots1/expectationVtime_dim2_l20_eps0.4.p
df> <C:/gits/second_reflect/second_git_reflect/supplimentary/plots1/expectation
Vsamples_dim10_l20_eps0.4.pdf> <C:/gits/second_reflect/second_git_reflect/suppl
imentary/plots1/expectationVtime_dim10_l20_eps0.4.pdf> <C:/gits/second_reflect/
second_git_reflect/supplimentary/plots1/expectationVsamples_dim50_l20_eps0.4.pd
f> <C:/gits/second_reflect/second_git_reflect/supplimentary/plots1/expectationV
time_dim50_l20_eps0.4.pdf>] [8 <C:/gits/second_reflect/second_git_reflect/suppl
imentary/plots1/expectationVsamples_dim2_l50_eps0.05.pdf> <C:/gits/second_refle
ct/second_git_reflect/supplimentary/plots1/expectationVtime_dim2_l50_eps0.05.pd
f> <C:/gits/second_reflect/second_git_reflect/supplimentary/plots1/expectationV
samples_dim10_l50_eps0.05.pdf> <C:/gits/second_reflect/second_git_reflect/suppl
imentary/plots1/expectationVtime_dim10_l50_eps0.05.pdf> <C:/gits/second_reflect
/second_git_reflect/supplimentary/plots1/expectationVsamples_dim50_l50_eps0.05.
pdf> <C:/gits/second_reflect/second_git_reflect/supplimentary/plots1/expectatio
nVtime_dim50_l50_eps0.05.pdf>] [9 <C:/gits/second_reflect/second_git_reflect/su
pplimentary/plots1/expectationVsamples_dim2_l50_eps0.1.pdf> <C:/gits/second_ref
lect/second_git_reflect/supplimentary/plots1/expectationVtime_dim2_l50_eps0.1.p
df> <C:/gits/second_reflect/second_git_reflect/supplimentary/plots1/expectation
Vsamples_dim10_l50_eps0.1.pdf> <C:/gits/second_reflect/second_git_reflect/suppl
imentary/plots1/expectationVtime_dim10_l50_eps0.1.pdf> <C:/gits/second_reflect/
second_git_reflect/supplimentary/plots1/expectationVsamples_dim50_l50_eps0.1.pd
f> <C:/gits/second_reflect/second_git_reflect/supplimentary/plots1/expectationV
time_dim50_l50_eps0.1.pdf>] [10 <C:/gits/second_reflect/second_git_reflect/supp
limentary/plots1/expectationVsamples_dim2_l50_eps0.2.pdf> <C:/gits/second_refle
ct/second_git_reflect/supplimentary/plots1/expectationVtime_dim2_l50_eps0.2.pdf
> <C:/gits/second_reflect/second_git_reflect/supplimentary/plots1/expectationVs
amples_dim10_l50_eps0.2.pdf> <C:/gits/second_reflect/second_git_reflect/supplim
entary/plots1/expectationVtime_dim10_l50_eps0.2.pdf> <C:/gits/second_reflect/se
cond_git_reflect/supplimentary/plots1/expectationVsamples_dim50_l50_eps0.2.pdf>
 <C:/gits/second_reflect/second_git_reflect/supplimentary/plots1/expectationVti
me_dim50_l50_eps0.2.pdf>] [11 <C:/gits/second_reflect/second_git_reflect/suppli
mentary/plots1/expectationVsamples_dim2_l50_eps0.4.pdf> <C:/gits/second_reflect
/second_git_reflect/supplimentary/plots1/expectationVtime_dim2_l50_eps0.4.pdf> 
<C:/gits/second_reflect/second_git_reflect/supplimentary/plots1/expectationVsam
ples_dim10_l50_eps0.4.pdf> <C:/gits/second_reflect/second_git_reflect/supplimen
tary/plots1/expectationVtime_dim10_l50_eps0.4.pdf> <C:/gits/second_reflect/seco
nd_git_reflect/supplimentary/plots1/expectationVsamples_dim50_l50_eps0.4.pdf> <
C:/gits/second_reflect/second_git_reflect/supplimentary/plots1/expectationVtime
_dim50_l50_eps0.4.pdf>] [12 <C:/gits/second_reflect/second_git_reflect/supplime
ntary/plots1/expectationVsamples_dim2_l100_eps0.05.pdf> <C:/gits/second_reflect
/second_git_reflect/supplimentary/plots1/expectationVtime_dim2_l100_eps0.05.pdf
> <C:/gits/second_reflect/second_git_reflect/supplimentary/plots1/expectationVs
amples_dim10_l100_eps0.05.pdf> <C:/gits/second_reflect/second_git_reflect/suppl
imentary/plots1/expectationVtime_dim10_l100_eps0.05.pdf> <C:/gits/second_reflec
t/second_git_reflect/supplimentary/plots1/expectationVsamples_dim50_l100_eps0.0
5.pdf> <C:/gits/second_reflect/second_git_reflect/supplimentary/plots1/expectat
ionVtime_dim50_l100_eps0.05.pdf>] [13 <C:/gits/second_reflect/second_git_reflec
t/supplimentary/plots1/expectationVsamples_dim2_l100_eps0.1.pdf> <C:/gits/secon
d_reflect/second_git_reflect/supplimentary/plots1/expectationVtime_dim2_l100_ep
s0.1.pdf> <C:/gits/second_reflect/second_git_reflect/supplimentary/plots1/expec
tationVsamples_dim10_l100_eps0.1.pdf> <C:/gits/second_reflect/second_git_reflec
t/supplimentary/plots1/expectationVtime_dim10_l100_eps0.1.pdf> <C:/gits/second_
reflect/second_git_reflect/supplimentary/plots1/expectationVsamples_dim50_l100_
eps0.1.pdf> <C:/gits/second_reflect/second_git_reflect/supplimentary/plots1/exp
ectationVtime_dim50_l100_eps0.1.pdf>] [14 <C:/gits/second_reflect/second_git_re
flect/supplimentary/plots1/expectationVsamples_dim2_l100_eps0.2.pdf> <C:/gits/s
econd_reflect/second_git_reflect/supplimentary/plots1/expectationVtime_dim2_l10
0_eps0.2.pdf> <C:/gits/second_reflect/second_git_reflect/supplimentary/plots1/e
xpectationVsamples_dim10_l100_eps0.2.pdf> <C:/gits/second_reflect/second_git_re
flect/supplimentary/plots1/expectationVtime_dim10_l100_eps0.2.pdf> <C:/gits/sec
ond_reflect/second_git_reflect/supplimentary/plots1/expectationVsamples_dim50_l
100_eps0.2.pdf> <C:/gits/second_reflect/second_git_reflect/supplimentary/plots1
/expectationVtime_dim50_l100_eps0.2.pdf>] [15 <C:/gits/second_reflect/second_gi
t_reflect/supplimentary/plots1/expectationVsamples_dim2_l100_eps0.4.pdf> <C:/gi
ts/second_reflect/second_git_reflect/supplimentary/plots1/expectationVtime_dim2
_l100_eps0.4.pdf> <C:/gits/second_reflect/second_git_reflect/supplimentary/plot
s1/expectationVsamples_dim10_l100_eps0.4.pdf> <C:/gits/second_reflect/second_gi
t_reflect/supplimentary/plots1/expectationVtime_dim10_l100_eps0.4.pdf> <C:/gits
/second_reflect/second_git_reflect/supplimentary/plots1/expectationVsamples_dim
50_l100_eps0.4.pdf> <C:/gits/second_reflect/second_git_reflect/supplimentary/pl
ots1/expectationVtime_dim50_l100_eps0.4.pdf>] [16 <C:/gits/second_reflect/secon
d_git_reflect/supplimentary/plots1/expectationVsamples_dim2_l200_eps0.05.pdf> <
C:/gits/second_reflect/second_git_reflect/supplimentary/plots1/expectationVtime
_dim2_l200_eps0.05.pdf> <C:/gits/second_reflect/second_git_reflect/supplimentar
y/plots1/expectationVsamples_dim10_l200_eps0.05.pdf> <C:/gits/second_reflect/se
cond_git_reflect/supplimentary/plots1/expectationVtime_dim10_l200_eps0.05.pdf> 
<C:/gits/second_reflect/second_git_reflect/supplimentary/plots1/expectationVsam
ples_dim50_l200_eps0.05.pdf> <C:/gits/second_reflect/second_git_reflect/supplim
entary/plots1/expectationVtime_dim50_l200_eps0.05.pdf>] [17 <C:/gits/second_ref
lect/second_git_reflect/supplimentary/plots1/expectationVsamples_dim2_l200_eps0
.1.pdf> <C:/gits/second_reflect/second_git_reflect/supplimentary/plots1/expecta
tionVtime_dim2_l200_eps0.1.pdf> <C:/gits/second_reflect/second_git_reflect/supp
limentary/plots1/expectationVsamples_dim10_l200_eps0.1.pdf> <C:/gits/second_ref
lect/second_git_reflect/supplimentary/plots1/expectationVtime_dim10_l200_eps0.1
.pdf> <C:/gits/second_reflect/second_git_reflect/supplimentary/plots1/expectati
onVsamples_dim50_l200_eps0.1.pdf> <C:/gits/second_reflect/second_git_reflect/su
pplimentary/plots1/expectationVtime_dim50_l200_eps0.1.pdf>] [18 <C:/gits/second
_reflect/second_git_reflect/supplimentary/plots1/expectationVsamples_dim2_l200_
eps0.2.pdf> <C:/gits/second_reflect/second_git_reflect/supplimentary/plots1/exp
ectationVtime_dim2_l200_eps0.2.pdf> <C:/gits/second_reflect/second_git_reflect/
supplimentary/plots1/expectationVsamples_dim10_l200_eps0.2.pdf> <C:/gits/second
_reflect/second_git_reflect/supplimentary/plots1/expectationVtime_dim10_l200_ep
s0.2.pdf> <C:/gits/second_reflect/second_git_reflect/supplimentary/plots1/expec
tationVsamples_dim50_l200_eps0.2.pdf> <C:/gits/second_reflect/second_git_reflec
t/supplimentary/plots1/expectationVtime_dim50_l200_eps0.2.pdf>] [19 <C:/gits/se
cond_reflect/second_git_reflect/supplimentary/plots1/expectationVsamples_dim2_l
200_eps0.4.pdf> <C:/gits/second_reflect/second_git_reflect/supplimentary/plots1
/expectationVtime_dim2_l200_eps0.4.pdf> <C:/gits/second_reflect/second_git_refl
ect/supplimentary/plots1/expectationVsamples_dim10_l200_eps0.4.pdf> <C:/gits/se
cond_reflect/second_git_reflect/supplimentary/plots1/expectationVtime_dim10_l20
0_eps0.4.pdf> <C:/gits/second_reflect/second_git_reflect/supplimentary/plots1/e
xpectationVsamples_dim50_l200_eps0.4.pdf> <C:/gits/second_reflect/second_git_re
flect/supplimentary/plots1/expectationVtime_dim50_l200_eps0.4.pdf>]
Overfull \hbox (48.14255pt too wide) in paragraph at lines 272--308
 [] 
 []


Overfull \hbox (49.84262pt too wide) in paragraph at lines 315--352
 [] 
 []


Overfull \hbox (59.84262pt too wide) in paragraph at lines 359--396
 [] 
 []

Package atveryend Info: Empty hook `BeforeClearDocument' on input line 398.
[20] [21] [22]
Package atveryend Info: Empty hook `AfterLastShipout' on input line 398.

(C:\gits\second_reflect\second_git_reflect\supplimentary\supplimentary.aux)
Package atveryend Info: Executing hook `AtVeryEndDocument' on input line 398.
Package atveryend Info: Executing hook `AtEndAfterFileList' on input line 398.
Package rerunfilecheck Info: File `supplimentary.out' has not changed.
(rerunfilecheck)             Checksum: 04F83F300E0FB57E8AD891336A721DC1;214.
Package atveryend Info: Empty hook `AtVeryVeryEnd' on input line 398.
 ) 
Here is how much of TeX's memory you used:
 15290 strings out of 493921
 276420 string characters out of 3147282
 379995 words of memory out of 3000000
 18237 multiletter control sequences out of 15000+200000
 21790 words of font info for 53 fonts, out of 3000000 for 9000
 841 hyphenation exceptions out of 8191
 40i,13n,39p,10494b,380s stack positions out of 5000i,500n,10000p,200000b,50000s
{C:/Program Files/MiKTeX 2.9/fonts/enc/dvips/fontname/8r.enc}<C:/Program File
s/MiKTeX 2.9/fonts/type1/public/amsfonts/cm/cmex10.pfb><C:/Program Files/MiKTeX
 2.9/fonts/type1/public/amsfonts/cm/cmmi10.pfb><C:/Program Files/MiKTeX 2.9/fon
ts/type1/public/amsfonts/cm/cmmi9.pfb><C:/Program Files/MiKTeX 2.9/fonts/type1/
public/amsfonts/cm/cmr10.pfb><C:/Program Files/MiKTeX 2.9/fonts/type1/public/am
sfonts/cm/cmr9.pfb><C:/Program Files/MiKTeX 2.9/fonts/type1/public/amsfonts/cm/
cmsy10.pfb><C:/Program Files/MiKTeX 2.9/fonts/type1/public/amsfonts/cm/cmsy7.pf
b><C:/Program Files/MiKTeX 2.9/fonts/type1/public/amsfonts/cm/cmsy9.pfb><C:/Pro
gram Files/MiKTeX 2.9/fonts/type1/urw/times/utmb8a.pfb><C:/Program Files/MiKTeX
 2.9/fonts/type1/urw/times/utmr8a.pfb><C:/Program Files/MiKTeX 2.9/fonts/type1/
urw/times/utmri8a.pfb>
Output written on supplimentary.pdf (22 pages, 4882588 bytes).
PDF statistics:
 832 PDF objects out of 1000 (max. 8388607)
 52 named destinations out of 1000 (max. 500000)
 593 words of extra memory for PDF output out of 10000 (max. 10000000)

